g++ -std=c++20 -Wall -Werror -g -O3 main.cpp -o main
./main input.txt 2
7jlncfksix7rjgrpglmn9:  7jlncfk67rjgrpglmn9: a: 7, b: 9, ans = 79
vcgkgxninerqjltdbhqzzpd4nine23:  vcgkgx9rqjltdbhqzzpd4923: a: 9, b: 3, ans = 172
fx3:  fx3: a: 3, b: 3, ans = 205
8nrbjbpjpnineseven:  8nrbjbpjp97: a: 8, b: 7, ans = 292
7qlfhcsnxn7fpfhjcgr6eightsevenjlpchjtzpztwo:  7qlfhcsnxn7fpfhjcgr687jlpchjtzpz2: a: 7, b: 2, ans = 364
28rzgskgk94ninefive:  28rzgskgk9495: a: 2, b: 5, ans = 389
zdpxcql1eight5:  zdpxcql185: a: 1, b: 5, ans = 404
8two5six37:  825637: a: 8, b: 7, ans = 491
9khfphjl71trppsrtwo:  9khfphjl71trppsr2: a: 9, b: 2, ans = 583
lxthkgbbf2jdcssfiveqksvbqvm8four4:  lxthkgbbf2jdcss5qksvbqvm844: a: 2, b: 4, ans = 607
seven9tjcgztctxzzttct:  79tjcgztctxzzttct: a: 7, b: 9, ans = 686
onetljcfh9fivesvgcqnklz9four:  1tljcfh95svgcqnklz94: a: 1, b: 4, ans = 700
4mptgcnzmvvsevenzmjjzhndzdvxmz59bm:  4mptgcnzmvv7zmjjzhndzdvxmz59bm: a: 4, b: 9, ans = 749
1hrqthmr:  1hrqthmr: a: 1, b: 1, ans = 760
7eightqmfmsn:  78qmfmsn: a: 7, b: 8, ans = 838
jkgdnpzjkzzceighttklsfiveqxgsvxdq4:  jkgdnpzjkzzc8tkls5qxgsvxdq4: a: 8, b: 4, ans = 922
hdk28lqhhttjz6one2:  hdk28lqhhttjz612: a: 2, b: 2, ans = 944
2five524:  25524: a: 2, b: 4, ans = 968
363mtk:  363mtk: a: 3, b: 3, ans = 1001
qlmtpch9eightlzddxs7one:  qlmtpch98lzddxs71: a: 9, b: 1, ans = 1092
one6five1hxphtl687rllvb:  1651hxphtl687rllvb: a: 1, b: 7, ans = 1109
31gdnsxtpnn:  31gdnsxtpnn: a: 3, b: 1, ans = 1140
sqvbcqlnjhk135:  sqvbcqlnjhk135: a: 1, b: 5, ans = 1155
eightgcdszrsghmmfsevendr2844:  8gcdszrsghmmf7dr2844: a: 8, b: 4, ans = 1239
eightthreecdpccfj7:  83cdpccfj7: a: 8, b: 7, ans = 1326
ljfgt9kvnine175kpnrbttktktf:  ljfgt9kv9175kpnrbttktktf: a: 9, b: 5, ans = 1421
zjfeightfive9nine44seven4:  zjf85994474: a: 8, b: 4, ans = 1505
sixshbrtr4nmjr:  6shbrtr4nmjr: a: 6, b: 4, ans = 1569
3two54:  3254: a: 3, b: 4, ans = 1603
26sixbhmmgdcl:  266bhmmgdcl: a: 2, b: 6, ans = 1629
drxfnbsdzf3gnxbtmmggvkxrsevenbbzdfxnrdnkfivefive:  drxfnbsdzf3gnxbtmmggvkxr7bbzdfxnrdnk55: a: 3, b: 5, ans = 1664
two8591mrvchg4:  28591mrvchg4: a: 2, b: 4, ans = 1688
3jjhfzlnklpvvfcnsjbdmgvlfkeight2snxrkzzsx:  3jjhfzlnklpvvfcnsjbdmgvlfk82snxrkzzsx: a: 3, b: 2, ans = 1720
ztwo79onesix56seven:  z27916567: a: 2, b: 7, ans = 1747
threeeightrhlxptmtwofivenfourthree3:  38rhlxptm25n433: a: 3, b: 3, ans = 1780
fbhcqcttgxlrstcqeight4dbfjp:  fbhcqcttgxlrstcq84dbfjp: a: 8, b: 4, ans = 1864
prsevenfournineglccpgssix7:  pr749glccpgs67: a: 7, b: 7, ans = 1941
hzprzdvbsxzllgvttworstxtwodstxbtjnzm6:  hzprzdvbsxzllgvt2rstx2dstxbtjnzm6: a: 2, b: 6, ans = 1967
99sevenfive:  9975: a: 9, b: 5, ans = 2062
fdvnvc2:  fdvnvc2: a: 2, b: 2, ans = 2084
vmpnpqg32llcxpbzcxqvseven:  vmpnpqg32llcxpbzcxqv7: a: 3, b: 7, ans = 2121
dc9fgvrvsqqhlj2nq97three:  dc9fgvrvsqqhlj2nq973: a: 9, b: 3, ans = 2214
four77twothreeonenine9:  47723199: a: 4, b: 9, ans = 2263
3kfkfour:  3kfk4: a: 3, b: 4, ans = 2297
xfg58six8cjtvmrgvsq5l:  xfg5868cjtvmrgvsq5l: a: 5, b: 5, ans = 2352
gmfxvhftld2hbmmprpppzchcqmxninethreethree3mmplrvbtkf:  gmfxvhftld2hbmmprpppzchcqmx9333mmplrvbtkf: a: 2, b: 3, ans = 2375
3fourqndl6:  34qndl6: a: 3, b: 6, ans = 2411
rj6ninenzkbktfqsc2:  rj69nzkbktfqsc2: a: 6, b: 2, ans = 2473
9konehdmllc:  9k1hdmllc: a: 9, b: 1, ans = 2564
mneightzzqvdm14:  mn8zzqvdm14: a: 8, b: 4, ans = 2648
8oneseventlrsrzflccrbv:  817tlrsrzflccrbv: a: 8, b: 7, ans = 2735
9vvvgqdkrckjlzcfsbdgrqrhhtbb7fnhcxzmk9nine7:  9vvvgqdkrckjlzcfsbdgrqrhhtbb7fnhcxzmk997: a: 9, b: 7, ans = 2832
825ngddfhpfrsl6:  825ngddfhpfrsl6: a: 8, b: 6, ans = 2918
mc6tjxxll9seven:  mc6tjxxll97: a: 6, b: 7, ans = 2985
fxbgccqmmh2:  fxbgccqmmh2: a: 2, b: 2, ans = 3007
five7three4vmxjlqcnc3:  5734vmxjlqcnc3: a: 5, b: 3, ans = 3060
9mninehkmlpcxqnfkqfbg6six3:  9m9hkmlpcxqnfkqfbg663: a: 9, b: 3, ans = 3153
3onefourrv1ninesixfour8:  314rv19648: a: 3, b: 8, ans = 3191
fourtwosdtz817fivevjvlzr:  42sdtz8175vjvlzr: a: 4, b: 5, ans = 3236
seventhvxk1fournqqqfjrvdvbpkvd:  7thvxk14nqqqfjrvdvbpkvd: a: 7, b: 4, ans = 3310
v733rklzvnslkonefive6zbvq:  v733rklzvnslk156zbvq: a: 7, b: 6, ans = 3386
178ncllbfkkh4eightwoq:  178ncllbfkkh48woq: a: 1, b: 8, ans = 3404
glbxfjhskzbseven6mjzlxccfive3:  glbxfjhskzb76mjzlxcc53: a: 7, b: 3, ans = 3477
fptwoneonefivefive2ztxpndjdq2:  fp2ne1552ztxpndjdq2: a: 2, b: 2, ans = 3499
lxzhsgqkx5mjxtrmbkdtfeightsrchzmq6:  lxzhsgqkx5mjxtrmbkdtf8srchzmq6: a: 5, b: 6, ans = 3555
1nngc2338ninedjkvszdmnjrl:  1nngc23389djkvszdmnjrl: a: 1, b: 9, ans = 3574
five6six7:  5667: a: 5, b: 7, ans = 3631
bcpxbcbssbtmdfninefivesevendtm9eighthxtvxb:  bcpxbcbssbtmdf957dtm98hxtvxb: a: 9, b: 8, ans = 3729
mzdttqmfpssevensixeight3twoone4:  mzdttqmfps7683214: a: 7, b: 4, ans = 3803
rrtzlhkgrgtmrvlcthreeonefour5:  rrtzlhkgrgtmrvlc3145: a: 3, b: 5, ans = 3838
75threeeight4:  75384: a: 7, b: 4, ans = 3912
3ttcjsdrj6one91t:  3ttcjsdrj6191t: a: 3, b: 1, ans = 3943
3twofgdpfqxxp:  32fgdpfqxxp: a: 3, b: 2, ans = 3975
seven3gjslxpltpbonemt:  73gjslxpltpb1mt: a: 7, b: 1, ans = 4046
82jcvqkrgzkx8three8rmszgdj4:  82jcvqkrgzkx838rmszgdj4: a: 8, b: 4, ans = 4130
ctwone41fnjksbxb1mxxzznsvg35fivesix:  c2ne41fnjksbxb1mxxzznsvg3556: a: 2, b: 6, ans = 4156
four7bzfeight3one:  47bzf831: a: 4, b: 1, ans = 4197
heightwo24cxs:  h8wo24cxs: a: 8, b: 4, ans = 4281
fdtwone8sevenfour37:  fd2ne87437: a: 2, b: 7, ans = 4308
1sevenmdmlrgmqnnth1mrone:  17mdmlrgmqnnth1mr1: a: 1, b: 1, ans = 4319
7nqxzdrblffcdm22six:  7nqxzdrblffcdm226: a: 7, b: 6, ans = 4395
5ttpzlv:  5ttpzlv: a: 5, b: 5, ans = 4450
zhqjlfive3:  zhqjl53: a: 5, b: 3, ans = 4503
jvzpgppblkb6:  jvzpgppblkb6: a: 6, b: 6, ans = 4569
nine77lmfour:  977lm4: a: 9, b: 4, ans = 4663
kqnvgtkgphxcxsixfoursix2:  kqnvgtkgphxcx6462: a: 6, b: 2, ans = 4725
pjjdlnineltbcknfqvhj8tworbkqhdcp:  pjjdl9ltbcknfqvhj82rbkqhdcp: a: 9, b: 2, ans = 4817
nine65fiveeightjmeight:  96558jm8: a: 9, b: 8, ans = 4915
j1sptkfhsczt:  j1sptkfhsczt: a: 1, b: 1, ans = 4926
4czpqqglpc41bzkss1:  4czpqqglpc41bzkss1: a: 4, b: 1, ans = 4967
qd28j:  qd28j: a: 2, b: 8, ans = 4995
three1fourfourm:  3144m: a: 3, b: 4, ans = 5029
four5seven4twodvmzzdtn:  45742dvmzzdtn: a: 4, b: 2, ans = 5071
zj4:  zj4: a: 4, b: 4, ans = 5115
dzzrdkjjdxspfrjsonefive8brrzlrjvzfour:  dzzrdkjjdxspfrjs158brrzlrjvz4: a: 1, b: 4, ans = 5129
zrjzfxxddn66:  zrjzfxxddn66: a: 6, b: 6, ans = 5195
fourrnsphsdzmv9xznt6seven:  4rnsphsdzmv9xznt67: a: 4, b: 7, ans = 5242
56eightcbhkmjfourone:  568cbhkmj41: a: 5, b: 1, ans = 5293
fivejzlbvqzb3sixsix:  5jzlbvqzb366: a: 5, b: 6, ans = 5349
fiveghfclksgqffdpb7:  5ghfclksgqffdpb7: a: 5, b: 7, ans = 5406
cmmplbcnml36threetrxnhrrdonelmspsbhfd9twonenn:  cmmplbcnml363trxnhrrd1lmspsbhfd92nenn: a: 3, b: 2, ans = 5438
ccxrlmzrreightone9three9:  ccxrlmzrr81939: a: 8, b: 9, ans = 5527
zg6four1eight:  zg6418: a: 6, b: 8, ans = 5595
1ngv:  1ngv: a: 1, b: 1, ans = 5606
bfhptfjzlgkxtftwo7gthree:  bfhptfjzlgkxtf27g3: a: 2, b: 3, ans = 5629
txrpbzgjzg272three9jlstdb8:  txrpbzgjzg27239jlstdb8: a: 2, b: 8, ans = 5657
3seven6twofxvxdlcqj33:  3762fxvxdlcqj33: a: 3, b: 3, ans = 5690
six3eightjrdxgkrkm5five:  638jrdxgkrkm55: a: 6, b: 5, ans = 5755
one67one3:  16713: a: 1, b: 3, ans = 5768
gnfhhkffqfctxmvznmftwo34gjsrpxlv43:  gnfhhkffqfctxmvznmf234gjsrpxlv43: a: 2, b: 3, ans = 5791
five6zjdjpptnthreefour7sevenqfjlpshg:  56zjdjpptn3477qfjlpshg: a: 5, b: 7, ans = 5848
onesevenninesvnnrvxxeightrdbvsbdnzgtmlmf1:  179svnnrvxx8rdbvsbdnzgtmlmf1: a: 1, b: 1, ans = 5859
2six8seven:  2687: a: 2, b: 7, ans = 5886
3eightjrpqdrtwoxjvmgzpbffjnfdps9:  38jrpqdr2xjvmgzpbffjnfdps9: a: 3, b: 9, ans = 5925
tptlcldftc3:  tptlcldftc3: a: 3, b: 3, ans = 5958
lcpqlbjfgmhkjpkhc4eight9ninesixsixseven:  lcpqlbjfgmhkjpkhc4899667: a: 4, b: 7, ans = 6005
eightxjfqqtxnsbsnrdxdjv8six79:  8xjfqqtxnsbsnrdxdjv8679: a: 8, b: 9, ans = 6094
tvkthbbrr8five:  tvkthbbrr85: a: 8, b: 5, ans = 6179
seven35threerrkdqjgps58two:  7353rrkdqjgps582: a: 7, b: 2, ans = 6251
5dln1rqqgdjlcmmrvm2pmhvhcxhfsbxkfqngp5:  5dln1rqqgdjlcmmrvm2pmhvhcxhfsbxkfqngp5: a: 5, b: 5, ans = 6306
sixnpvbq36514one:  6npvbq365141: a: 6, b: 1, ans = 6367
mxdvxfgdfzmkjcrtl2:  mxdvxfgdfzmkjcrtl2: a: 2, b: 2, ans = 6389
onejv7lxmbrbzjsthreesevenninesm:  1jv7lxmbrbzjs379sm: a: 1, b: 9, ans = 6408
threehbhnm8nine:  3hbhnm89: a: 3, b: 9, ans = 6447
bvhgqz6:  bvhgqz6: a: 6, b: 6, ans = 6513
9two89sixfxjz37:  92896fxjz37: a: 9, b: 7, ans = 6610
8xninepvggctk85fivefkj:  8x9pvggctk855fkj: a: 8, b: 5, ans = 6695
8sixdjndzzzrkk:  86djndzzzrkk: a: 8, b: 6, ans = 6781
five61oneightr:  5611ightr: a: 5, b: 1, ans = 6832
cmthreesixeight7jlvdvmdjfzbv3:  cm3687jlvdvmdjfzbv3: a: 3, b: 3, ans = 6865
9two1onefour1clxjonetwo:  921141clxj12: a: 9, b: 2, ans = 6957
9sixtzphqltmeightlbrhjone1ktrvjldff6:  96tzphqltm8lbrhj11ktrvjldff6: a: 9, b: 6, ans = 7053
five68eightfourqpfcxftzlxrhgdcvpd:  56884qpfcxftzlxrhgdcvpd: a: 5, b: 4, ans = 7107
nxvdtfkltwozzl72fourhzxtqjf1:  nxvdtfkl2zzl724hzxtqjf1: a: 2, b: 1, ans = 7128
91fiveeightthree65twoneh:  91583652neh: a: 9, b: 2, ans = 7220
3eight6ninexqqgxzxfgmsixseveneightfqk:  3869xqqgxzxfgm678fqk: a: 3, b: 8, ans = 7258
dlpsfmsthree2zgfpdnftvfqgsgr:  dlpsfms32zgfpdnftvfqgsgr: a: 3, b: 2, ans = 7290
4kggfpxg8jpxzdqsixeight:  4kggfpxg8jpxzdq68: a: 4, b: 8, ans = 7338
fivefourtwo923:  542923: a: 5, b: 3, ans = 7391
z3gx:  z3gx: a: 3, b: 3, ans = 7424
six4prlsp84tgvc:  64prlsp84tgvc: a: 6, b: 4, ans = 7488
1foursrznv62k:  14srznv62k: a: 1, b: 2, ans = 7500
vmzr829nkxtlf:  vmzr829nkxtlf: a: 8, b: 9, ans = 7589
3dzsx2two7sixfivebkktgfbzdt:  3dzsx22765bkktgfbzdt: a: 3, b: 5, ans = 7624
fourpzpmvxc2zvvrhrbhf:  4pzpmvxc2zvvrhrbhf: a: 4, b: 2, ans = 7666
frpddtknqjxpqqzhdnfour9sixdqjbqxh:  frpddtknqjxpqqzhdn496dqjbqxh: a: 4, b: 6, ans = 7712
89sevengkbeight6mn:  897gkb86mn: a: 8, b: 6, ans = 7798
two7jcpnxhbtmhtwo39twoone:  27jcpnxhbtmh23921: a: 2, b: 1, ans = 7819
cvdqlfkrs821fourrrgnmm:  cvdqlfkrs8214rrgnmm: a: 8, b: 4, ans = 7903
6onefhnnbrzgx7fourxcj:  61fhnnbrzgx74xcj: a: 6, b: 4, ans = 7967
seveneighthfr6rz:  78hfr6rz: a: 7, b: 6, ans = 8043
9vvqlpnzbxfct8:  9vvqlpnzbxfct8: a: 9, b: 8, ans = 8141
two8three2fpseveneight:  2832fp78: a: 2, b: 8, ans = 8169
2three75three2:  237532: a: 2, b: 2, ans = 8191
znvbrbrqlfive8:  znvbrbrql58: a: 5, b: 8, ans = 8249
lnfjqfkk8:  lnfjqfkk8: a: 8, b: 8, ans = 8337
14tvvmdlntrv6three:  14tvvmdlntrv63: a: 1, b: 3, ans = 8350
5twor2chtvj:  52r2chtvj: a: 5, b: 2, ans = 8402
threetwomgrcfivefive7:  32mgrc557: a: 3, b: 7, ans = 8439
five4qbvxthrfxdkjkk:  54qbvxthrfxdkjkk: a: 5, b: 4, ans = 8493
sixthreethree5scmqrfq4vf3:  6335scmqrfq4vf3: a: 6, b: 3, ans = 8556
rjsljnqcrttbpfhfxbfourone4:  rjsljnqcrttbpfhfxb414: a: 4, b: 4, ans = 8600
threeseventwoseven87dnmqjbbxfoneighttfz:  372787dnmqjbbxf1ighttfz: a: 3, b: 1, ans = 8631
seven4four9eightxqlsixthreeone:  74498xql631: a: 7, b: 1, ans = 8702
1ninesix43bmsttggvzn14:  19643bmsttggvzn14: a: 1, b: 4, ans = 8716
seven1sixbmnxmz:  716bmnxmz: a: 7, b: 6, ans = 8792
grqhlkrcdzbhstgtvpclvtphph4twoseven:  grqhlkrcdzbhstgtvpclvtphph427: a: 4, b: 7, ans = 8839
fgfprscb27pzfvvblxhkvonefive:  fgfprscb27pzfvvblxhkv15: a: 2, b: 5, ans = 8864
five77fivethreefive3vddgfngng:  5775353vddgfngng: a: 5, b: 3, ans = 8917
13nllfsevenfour6four:  13nllf7464: a: 1, b: 4, ans = 8931
threenineeightfour173three:  39841733: a: 3, b: 3, ans = 8964
fourqvsbxxzmfh2hhcjxsrkz:  4qvsbxxzmfh2hhcjxsrkz: a: 4, b: 2, ans = 9006
4jdtxgltkkkvlnhrztwofxppsdlcqztwo3gdlctj:  4jdtxgltkkkvlnhrz2fxppsdlcqz23gdlctj: a: 4, b: 3, ans = 9049
5four334rvfour9:  54334rv49: a: 5, b: 9, ans = 9108
551threenine:  55139: a: 5, b: 9, ans = 9167
eightonenineeight8:  81988: a: 8, b: 8, ans = 9255
qmjqmjvvfkdbnjgkrqh8two:  qmjqmjvvfkdbnjgkrqh82: a: 8, b: 2, ans = 9337
sevenjzqnv32lldmr5one:  7jzqnv32lldmr51: a: 7, b: 1, ans = 9408
6five8fivefour:  65854: a: 6, b: 4, ans = 9472
ljvhqqvqxqsix1367:  ljvhqqvqxq61367: a: 6, b: 7, ans = 9539
two6kvjtwonenzf:  26kvj2nenzf: a: 2, b: 2, ans = 9561
2p5chjdcseven9:  2p5chjdc79: a: 2, b: 9, ans = 9590
lnrrrkkdsvfhkl9vfqfgnvonegtwo6:  lnrrrkkdsvfhkl9vfqfgnv1g26: a: 9, b: 6, ans = 9686
twoseven4lhhpcvthree4tkrone:  274lhhpcv34tkr1: a: 2, b: 1, ans = 9707
8hllnnmpm3rjxndcmpt9jfjqng:  8hllnnmpm3rjxndcmpt9jfjqng: a: 8, b: 9, ans = 9796
qbnlgqeight2csvjshglqzmgkqqxqzq95:  qbnlgq82csvjshglqzmgkqqxqzq95: a: 8, b: 5, ans = 9881
two2nine:  229: a: 2, b: 9, ans = 9910
rrpffkq15foureighttwo2:  rrpffkq154822: a: 1, b: 2, ans = 9922
five3ninetpx5fmrzsqvfzq:  539tpx5fmrzsqvfzq: a: 5, b: 5, ans = 9977
mrqhcpgvblhvskv5pdsdzzfzfsix:  mrqhcpgvblhvskv5pdsdzzfzf6: a: 5, b: 6, ans = 10033
two7fvmhvseventwo7:  27fvmhv727: a: 2, b: 7, ans = 10060
3sixone94three8fdplbm2:  3619438fdplbm2: a: 3, b: 2, ans = 10092
loneightseveng79:  l1ight7g79: a: 1, b: 9, ans = 10111
fourone7:  417: a: 4, b: 7, ans = 10158
zvgjt1:  zvgjt1: a: 1, b: 1, ans = 10169
xpgbfghsmj2six8eight8mzlnvmv7:  xpgbfghsmj26888mzlnvmv7: a: 2, b: 7, ans = 10196
grjtwo48:  grj248: a: 2, b: 8, ans = 10224
jhcgjlgxt1seven1:  jhcgjlgxt171: a: 1, b: 1, ans = 10235
5dhtppxrxcsbjsm37:  5dhtppxrxcsbjsm37: a: 5, b: 7, ans = 10292
cbhmtp56xbqzppjjfivezhtxxvkrzsix:  cbhmtp56xbqzppjj5zhtxxvkrz6: a: 5, b: 6, ans = 10348
hctwonelcninefourfive2:  hc2nelc9452: a: 2, b: 2, ans = 10370
four4rcxpkzbeight95xxdb3:  44rcxpkzb895xxdb3: a: 4, b: 3, ans = 10413
fivejlplgzflone963two:  5jlplgzfl19632: a: 5, b: 2, ans = 10465
trgninefourtwo6five:  trg94265: a: 9, b: 5, ans = 10560
66fournine535foursxbvsfvf:  66495354sxbvsfvf: a: 6, b: 4, ans = 10624
1bskfour:  1bsk4: a: 1, b: 4, ans = 10638
dvlmbrxssevenhldvjxdzcfdvbfourthree2seven6:  dvlmbrxs7hldvjxdzcfdvb43276: a: 7, b: 6, ans = 10714
6two92635:  6292635: a: 6, b: 5, ans = 10779
8dzszone:  8dzsz1: a: 8, b: 1, ans = 10860
hfcm6:  hfcm6: a: 6, b: 6, ans = 10926
dxrfhpdbrqmqq8four:  dxrfhpdbrqmqq84: a: 8, b: 4, ans = 11010
bfclp5sixeight81three:  bfclp568813: a: 5, b: 3, ans = 11063
eightffsqgkmt53gfjxqsskpsfpbcmqvdfour9:  8ffsqgkmt53gfjxqsskpsfpbcmqvd49: a: 8, b: 9, ans = 11152
6sevensevenfour1v:  67741v: a: 6, b: 1, ans = 11213
9threetfspsfxhnzblgsxz:  93tfspsfxhnzblgsxz: a: 9, b: 3, ans = 11306
seven5tz7pfhlpt9qxrqz:  75tz7pfhlpt9qxrqz: a: 7, b: 9, ans = 11385
pmbeightwooneonefiveseventft4:  pmb8wo1157tft4: a: 8, b: 4, ans = 11469
xhjhmzljnx7:  xhjhmzljnx7: a: 7, b: 7, ans = 11546
twotgdvhkpmg1rthzfc6:  2tgdvhkpmg1rthzfc6: a: 2, b: 6, ans = 11572
onesevennpcsbfive9sixseven:  17npcsb5967: a: 1, b: 7, ans = 11589
7sevenmbhlrjxrpddcnl:  77mbhlrjxrpddcnl: a: 7, b: 7, ans = 11666
8fsvntpptctwobjmkgzvc4two:  8fsvntpptc2bjmkgzvc42: a: 8, b: 2, ans = 11748
onetwosix4:  1264: a: 1, b: 4, ans = 11762
fourthree4fourlqbvscdponeights:  4344lqbvscdp1ights: a: 4, b: 1, ans = 11803
1glkfrdb69sixsrvvb:  1glkfrdb696srvvb: a: 1, b: 6, ans = 11819
ninetwoeight7cvjtdmgpsfivefnlvgsqtstwo9:  9287cvjtdmgps5fnlvgsqts29: a: 9, b: 9, ans = 11918
9threejtfoureightseven:  93jt487: a: 9, b: 7, ans = 12015
38nine8:  3898: a: 3, b: 8, ans = 12053
87two7onetwo:  872712: a: 8, b: 2, ans = 12135
2vkkcgxdqpnthreehklfmfmjdpkz9fivetwofour:  2vkkcgxdqpn3hklfmfmjdpkz9524: a: 2, b: 4, ans = 12159
one5oneone5oneone:  1511511: a: 1, b: 1, ans = 12170
three5hlxkxrmxsbgrzqsgrone:  35hlxkxrmxsbgrzqsgr1: a: 3, b: 1, ans = 12201
twokbbnbjp7:  2kbbnbjp7: a: 2, b: 7, ans = 12228
mvxpdllxrvfthreeone51eight:  mvxpdllxrvf31518: a: 3, b: 8, ans = 12266
rrqvfiveseven5two1qgqppn:  rrqv57521qgqppn: a: 5, b: 1, ans = 12317
92s:  92s: a: 9, b: 2, ans = 12409
fourxcj8frbvlxzgpvoneone:  4xcj8frbvlxzgpv11: a: 4, b: 1, ans = 12450
648211:  648211: a: 6, b: 1, ans = 12511
4eightgzxnsixlvksllptszztmkjb3four:  48gzxn6lvksllptszztmkjb34: a: 4, b: 4, ans = 12555
fivegqg6:  5gqg6: a: 5, b: 6, ans = 12611
foureightmmnknlseven1:  48mmnknl71: a: 4, b: 1, ans = 12652
83kx:  83kx: a: 8, b: 3, ans = 12735
sixeight12kskzhrjjpslmprtwo:  6812kskzhrjjpslmpr2: a: 6, b: 2, ans = 12797
1xzncrsfrlfivetwoxptv46nine:  1xzncrsfrl52xptv469: a: 1, b: 9, ans = 12816
fourmxfq6twotwo4:  4mxfq6224: a: 4, b: 4, ans = 12860
oneht8:  1ht8: a: 1, b: 8, ans = 12878
3prjdlrcznine:  3prjdlrcz9: a: 3, b: 9, ans = 12917
btkpqmxxmggkzftmkxbzqvdccchxdmjlqztzfgfour7:  btkpqmxxmggkzftmkxbzqvdccchxdmjlqztzfg47: a: 4, b: 7, ans = 12964
tvbstznine9z:  tvbstz99z: a: 9, b: 9, ans = 13063
two1fivemmnlcnmqlrnbp95gjjh:  215mmnlcnmqlrnbp95gjjh: a: 2, b: 5, ans = 13088
dq671ninezk:  dq6719zk: a: 6, b: 9, ans = 13157
6cmxtt769:  6cmxtt769: a: 6, b: 9, ans = 13226
629rkhc198:  629rkhc198: a: 6, b: 8, ans = 13294
2fourfiver:  245r: a: 2, b: 5, ans = 13319
three5nqkjdsixfrjnf4gcbjrznine:  35nqkjd6frjnf4gcbjrz9: a: 3, b: 9, ans = 13358
xjhqqf7oneeightrgkdprrssmxp63:  xjhqqf718rgkdprrssmxp63: a: 7, b: 3, ans = 13431
5fourfivekpvmnlpfrt1:  545kpvmnlpfrt1: a: 5, b: 1, ans = 13482
xnqkjcldhttbpjr8:  xnqkjcldhttbpjr8: a: 8, b: 8, ans = 13570
fdntjsb957sevenhbmntp:  fdntjsb9577hbmntp: a: 9, b: 7, ans = 13667
jlmmmmdv482three:  jlmmmmdv4823: a: 4, b: 3, ans = 13710
63lnbhmdhpsp32:  63lnbhmdhpsp32: a: 6, b: 2, ans = 13772
99cmntldfdflqkfkv:  99cmntldfdflqkfkv: a: 9, b: 9, ans = 13871
kqnlqqkpr9eighteightthree15threenine:  kqnlqqkpr98831539: a: 9, b: 9, ans = 13970
6threefttghrvjsjg6:  63fttghrvjsjg6: a: 6, b: 6, ans = 14036
spmrjzfm6eightwokn:  spmrjzfm68wokn: a: 6, b: 8, ans = 14104
bdcjfqvsdronertfztlblqbgfgtkjv8qhbjfhthree6nine:  bdcjfqvsdr1rtfztlblqbgfgtkjv8qhbjfh369: a: 1, b: 9, ans = 14123
9fvltpsxtcbtjxbtlfdvm7:  9fvltpsxtcbtjxbtlfdvm7: a: 9, b: 7, ans = 14220
6jxvxrdmpjthreefstfgrsixfourzbfznjjlqtjx:  6jxvxrdmpj3fstfgr64zbfznjjlqtjx: a: 6, b: 4, ans = 14284
8onesixkmhgvsnfhqnxlkn:  816kmhgvsnfhqnxlkn: a: 8, b: 6, ans = 14370
rrjxvqjbnvvsgddtvmb3six5:  rrjxvqjbnvvsgddtvmb365: a: 3, b: 5, ans = 14405
eight8sevenbmtgbvdzcpqnzqone1hbhlgcfour:  887bmtgbvdzcpqnzq11hbhlgc4: a: 8, b: 4, ans = 14489
2nineseven41:  29741: a: 2, b: 1, ans = 14510
8xptgrh1njz:  8xptgrh1njz: a: 8, b: 1, ans = 14591
geightwo93sevenseventwobpdhhjsrbfour57:  g8wo93772bpdhhjsrb457: a: 8, b: 7, ans = 14678
m4kd9four:  m4kd94: a: 4, b: 4, ans = 14722
6nine5seven9v:  69579v: a: 6, b: 9, ans = 14791
glzc1fiveeightvbmvk:  glzc158vbmvk: a: 1, b: 8, ans = 14809
ninesixone3sevenzmvrqbtwo4four:  96137zmvrqb244: a: 9, b: 4, ans = 14903
9onefoureightfivefour:  914854: a: 9, b: 4, ans = 14997
fjqpgnjdd1twoninecgsqsmtonenine1f:  fjqpgnjdd129cgsqsmt191f: a: 1, b: 1, ans = 15008
94sixthreedflcddxnvvrthree:  9463dflcddxnvvr3: a: 9, b: 3, ans = 15101
vvfnbgpkgsnjtszxhrsixfive5rrdtfpkdhdvsg:  vvfnbgpkgsnjtszxhr655rrdtfpkdhdvsg: a: 6, b: 5, ans = 15166
39four1pjfkt:  3941pjfkt: a: 3, b: 1, ans = 15197
45sixkhlfc1fivetcvnlstnine:  456khlfc15tcvnlst9: a: 4, b: 9, ans = 15246
sevenone2seven:  7127: a: 7, b: 7, ans = 15323
twofiveonenine6eight5:  2519685: a: 2, b: 5, ans = 15348
grxzndnqpd56:  grxzndnqpd56: a: 5, b: 6, ans = 15404
xnpdfnfgt5fivetwotwo:  xnpdfnfgt5522: a: 5, b: 2, ans = 15456
9four6two:  9462: a: 9, b: 2, ans = 15548
sgmlzbpnkrmfivesbdzbnhkcxndpone49:  sgmlzbpnkrm5sbdzbnhkcxndp149: a: 5, b: 9, ans = 15607
88six2hrmkl2:  8862hrmkl2: a: 8, b: 2, ans = 15689
mthree3eightfiveone:  m33851: a: 3, b: 1, ans = 15720
smrzqc7twothree2three:  smrzqc72323: a: 7, b: 3, ans = 15793
nmtwo8cr:  nm28cr: a: 2, b: 8, ans = 15821
378one47four:  3781474: a: 3, b: 4, ans = 15855
27four:  274: a: 2, b: 4, ans = 15879
5two7seven68six:  5277686: a: 5, b: 6, ans = 15935
9onecnonethree9:  91cn139: a: 9, b: 9, ans = 16034
nineqhvbjqbrkpjhjhdbpk3twoseven:  9qhvbjqbrkpjhjhdbpk327: a: 9, b: 7, ans = 16131
rq4qldc:  rq4qldc: a: 4, b: 4, ans = 16175
86bqzct2nine:  86bqzct29: a: 8, b: 9, ans = 16264
eightsnfgrjzhsnxbfivethree6ljxx:  8snfgrjzhsnxb536ljxx: a: 8, b: 6, ans = 16350
oneeight1threevzdcplnqrbk92:  1813vzdcplnqrbk92: a: 1, b: 2, ans = 16362
8k9dkqmqhndthreethree:  8k9dkqmqhnd33: a: 8, b: 3, ans = 16445
9sp6j5two:  9sp6j52: a: 9, b: 2, ans = 16537
4rsone1seven2seventwo:  4rs117272: a: 4, b: 2, ans = 16579
ninehhdcbxfgs7fljclncb6vpzhqphxz:  9hhdcbxfgs7fljclncb6vpzhqphxz: a: 9, b: 6, ans = 16675
drplsnsch3zfr:  drplsnsch3zfr: a: 3, b: 3, ans = 16708
86nine:  869: a: 8, b: 9, ans = 16797
2threeeightsixvzpcqjs:  2386vzpcqjs: a: 2, b: 6, ans = 16823
dmkhbxsggeight7seven9:  dmkhbxsgg8779: a: 8, b: 9, ans = 16912
fourshjlmrbbcnznstgj2sx:  4shjlmrbbcnznstgj2sx: a: 4, b: 2, ans = 16954
gcbzbldk6nine:  gcbzbldk69: a: 6, b: 9, ans = 17023
fourskpc1vzfxsrjckcmccljtt9:  4skpc1vzfxsrjckcmccljtt9: a: 4, b: 9, ans = 17072
1oneone53oneeight6:  11153186: a: 1, b: 6, ans = 17088
six3fourqxqbs9nkbsixthreesix:  634qxqbs9nkb636: a: 6, b: 6, ans = 17154
pmlrkrhqdjgg121nineseven9:  pmlrkrhqdjgg121979: a: 1, b: 9, ans = 17173
dmgnq6:  dmgnq6: a: 6, b: 6, ans = 17239
kpmponeone5:  kpmp115: a: 1, b: 5, ans = 17254
mxmhbqnrcjj1threeeightxzfive:  mxmhbqnrcjj138xz5: a: 1, b: 5, ans = 17269
onebzxnrqqfltfourglvkqfive4nine5:  1bzxnrqqflt4glvkq5495: a: 1, b: 5, ans = 17284
threezvmfl7vsdrthsdsjsix9mbrqqmz1:  3zvmfl7vsdrthsdsj69mbrqqmz1: a: 3, b: 1, ans = 17315
boneight8onelrtjkj:  b1ight81lrtjkj: a: 1, b: 1, ans = 17326
tqxbbceight9rqbthreek:  tqxbbc89rqb3k: a: 8, b: 3, ans = 17409
3h32nklscdkfhtztwontprj:  3h32nklscdkfhtz2ntprj: a: 3, b: 2, ans = 17441
2threesix:  236: a: 2, b: 6, ans = 17467
qkzmpvkvsixxfzlrfrgv682:  qkzmpvkv6xfzlrfrgv682: a: 6, b: 2, ans = 17529
3seven6mvkeight2fourvhvvqone:  376mvk824vhvvq1: a: 3, b: 1, ans = 17560
three389sixeight:  338968: a: 3, b: 8, ans = 17598
bx664nine:  bx6649: a: 6, b: 9, ans = 17667
nine82rcdvqtj91dbffscng4:  982rcdvqtj91dbffscng4: a: 9, b: 4, ans = 17761
2sixsixtbqhvcndjtcvrrbtdzsxrlrvdxjtd7fzdtlrhlxvbpvhknmm:  266tbqhvcndjtcvrrbtdzsxrlrvdxjtd7fzdtlrhlxvbpvhknmm: a: 2, b: 7, ans = 17788
6zbpblsznhlzljtmstwothree28ngdcfkk:  6zbpblsznhlzljtms2328ngdcfkk: a: 6, b: 8, ans = 17856
eight8nbfmdqlcvonenine:  88nbfmdqlcv19: a: 8, b: 9, ans = 17945
8two4sx7rffstvxlq1seven4:  824sx7rffstvxlq174: a: 8, b: 4, ans = 18029
gmzbd8nine5nine1one:  gmzbd895911: a: 8, b: 1, ans = 18110
sevenfivezdfbn7six:  75zdfbn76: a: 7, b: 6, ans = 18186
5892:  5892: a: 5, b: 2, ans = 18238
ss9:  ss9: a: 9, b: 9, ans = 18337
8xcvzgzkjcdg:  8xcvzgzkjcdg: a: 8, b: 8, ans = 18425
1seven7three:  1773: a: 1, b: 3, ans = 18438
8four1fourtwonezs:  84142nezs: a: 8, b: 2, ans = 18520
hnjzk8:  hnjzk8: a: 8, b: 8, ans = 18608
xfour5mrj:  x45mrj: a: 4, b: 5, ans = 18653
vnkspgtkxspdtwofxlvtlkqpqcffxbqth13cll:  vnkspgtkxspd2fxlvtlkqpqcffxbqth13cll: a: 2, b: 3, ans = 18676
mmjkshtmtwofour1:  mmjkshtm241: a: 2, b: 1, ans = 18697
sixthree6:  636: a: 6, b: 6, ans = 18763
seven9mzmbkkrzsix5five:  79mzmbkkrz655: a: 7, b: 5, ans = 18838
9cbrsqjlhntpzfivegmgn1six:  9cbrsqjlhntpz5gmgn16: a: 9, b: 6, ans = 18934
bdbnlrdpsninenine3twotwocpvjd3:  bdbnlrdps99322cpvjd3: a: 9, b: 3, ans = 19027
twonine193:  29193: a: 2, b: 3, ans = 19050
twothree1twor8cmtxtd:  2312r8cmtxtd: a: 2, b: 8, ans = 19078
bvgtninevfrjs6:  bvgt9vfrjs6: a: 9, b: 6, ans = 19174
eightsix8:  868: a: 8, b: 8, ans = 19262
sixfbzsxfjtfv8:  6fbzsxfjtfv8: a: 6, b: 8, ans = 19330
5onethreeone:  5131: a: 5, b: 1, ans = 19381
dgzcksnqz8foursix:  dgzcksnqz846: a: 8, b: 6, ans = 19467
9onetsrtwotwothreerbv:  91tsr223rbv: a: 9, b: 3, ans = 19560
4dnzc8:  4dnzc8: a: 4, b: 8, ans = 19608
fivenine4sjzsdgvdqsix3511:  594sjzsdgvdq63511: a: 5, b: 1, ans = 19659
7twofivefivefourqdgpmfblgv:  72554qdgpmfblgv: a: 7, b: 4, ans = 19733
oneonelgjsk9:  11lgjsk9: a: 1, b: 9, ans = 19752
zcfhrrpseven8tlffkfnineeightttwoknlfdjpj:  zcfhrrp78tlffkf98t2knlfdjpj: a: 7, b: 2, ans = 19824
nine5nine:  959: a: 9, b: 9, ans = 19923
8sixtwotwooneoneeightcdklzjgvnqrsvvkbtfj:  8622118cdklzjgvnqrsvvkbtfj: a: 8, b: 8, ans = 20011
7one9vxjdkbhqmfbpt:  719vxjdkbhqmfbpt: a: 7, b: 9, ans = 20090
6twoeighttwo:  6282: a: 6, b: 2, ans = 20152
sixthreesix162:  636162: a: 6, b: 2, ans = 20214
5jhxxchf69twosxjckh5:  5jhxxchf692sxjckh5: a: 5, b: 5, ans = 20269
sevenxspmvxpmc788one:  7xspmvxpmc7881: a: 7, b: 1, ans = 20340
9fseven4:  9f74: a: 9, b: 4, ans = 20434
vxzqgxbmtgxnm588seventwoqtmfsb9:  vxzqgxbmtgxnm58872qtmfsb9: a: 5, b: 9, ans = 20493
four8nine4ftn5:  4894ftn5: a: 4, b: 5, ans = 20538
eighteightrhjzcmxql28four:  88rhjzcmxql284: a: 8, b: 4, ans = 20622
twogqjdbmmxqgtxdppchr2xxhcptq2mrvgsdccs:  2gqjdbmmxqgtxdppchr2xxhcptq2mrvgsdccs: a: 2, b: 2, ans = 20644
six24:  624: a: 6, b: 4, ans = 20708
nqdptone3drgtwoone8:  nqdpt13drg218: a: 1, b: 8, ans = 20726
threesixnine8hlkrj:  3698hlkrj: a: 3, b: 8, ans = 20764
four7pvvljkscc6hvsppgxrsixknrnrvfjqqfive:  47pvvljkscc6hvsppgxr6knrnrvfjqq5: a: 4, b: 5, ans = 20809
7tdnbzqqxftqtxjqxgmbdhbvsqdone22drc:  7tdnbzqqxftqtxjqxgmbdhbvsqd122drc: a: 7, b: 2, ans = 20881
59rqhzrfrps:  59rqhzrfrps: a: 5, b: 9, ans = 20940
six1scbkqjd4:  61scbkqjd4: a: 6, b: 4, ans = 21004
89blbn:  89blbn: a: 8, b: 9, ans = 21093
lqhoneightthree96tppmhtpmlt7:  lqh1ight396tppmhtpmlt7: a: 1, b: 7, ans = 21110
threeqpnsevengfx3:  3qpn7gfx3: a: 3, b: 3, ans = 21143
sixk27lfjrvhvtsixtwo:  6k27lfjrvhvt62: a: 6, b: 2, ans = 21205
four5slf8onefournine5:  45slf81495: a: 4, b: 5, ans = 21250
ninehgczrdslkstltfive96bqtz5:  9hgczrdslkstlt596bqtz5: a: 9, b: 5, ans = 21345
scfkzsr4fournine325:  scfkzsr449325: a: 4, b: 5, ans = 21390
5eighthzn9rjdzxllvg:  58hzn9rjdzxllvg: a: 5, b: 9, ans = 21449
1six1threedrfpflhqfour64:  1613drfpflhq464: a: 1, b: 4, ans = 21463
fivekdtgcdsjxone8nine:  5kdtgcdsjx189: a: 5, b: 9, ans = 21522
7sevensevenhronepdgbxvfd5:  777hr1pdgbxvfd5: a: 7, b: 5, ans = 21597
619nine6threetwo6:  61996326: a: 6, b: 6, ans = 21663
fivehchdssjrlshfqjlptsxghzrcsfcglm4:  5hchdssjrlshfqjlptsxghzrcsfcglm4: a: 5, b: 4, ans = 21717
6two73smnqbbmsix:  6273smnqbbm6: a: 6, b: 6, ans = 21783
84fivermpjpjgkn:  845rmpjpjgkn: a: 8, b: 5, ans = 21868
oneeighteightfhjtxbjc94threefrnnnncdz:  188fhjtxbjc943frnnnncdz: a: 1, b: 3, ans = 21881
lrckglbdn94eightqbfxp:  lrckglbdn948qbfxp: a: 9, b: 8, ans = 21979
mtztmbhthzone26sixgjvnbzsjfmthreevqdqrld:  mtztmbhthz1266gjvnbzsjfm3vqdqrld: a: 1, b: 3, ans = 21992
pnrtpgzcnznfive3eightwogkq:  pnrtpgzcnzn538wogkq: a: 5, b: 8, ans = 22050
threevfpkrjddtpszxddckhftt6txkszsbxnn:  3vfpkrjddtpszxddckhftt6txkszsbxnn: a: 3, b: 6, ans = 22086
ninecxdtmdnineseveneight5fivesd:  9cxdtmd97855sd: a: 9, b: 5, ans = 22181
xjvv7one:  xjvv71: a: 7, b: 1, ans = 22252
5eightfiveseven:  5857: a: 5, b: 7, ans = 22309
twodpfdzvqmpzmvs7tpjnpmv5:  2dpfdzvqmpzmvs7tpjnpmv5: a: 2, b: 5, ans = 22334
75fivethreesixsfqpzdonefive4:  75536sfqpzd154: a: 7, b: 4, ans = 22408
4onefive6bsvtplblfbmnjjlb:  4156bsvtplblfbmnjjlb: a: 4, b: 6, ans = 22454
eight75one73pjgdqq:  875173pjgdqq: a: 8, b: 3, ans = 22537
ntcnmnkvjzpvxpmb7twokqfour1:  ntcnmnkvjzpvxpmb72kq41: a: 7, b: 1, ans = 22608
zd1sevenmgdrgrzvvh:  zd17mgdrgrzvvh: a: 1, b: 7, ans = 22625
65four:  654: a: 6, b: 4, ans = 22689
3kzfztjxjbseven67bnfcntfknlxlv:  3kzfztjxjb767bnfcntfknlxlv: a: 3, b: 7, ans = 22726
eightfive8xnnkeightfive:  858xnnk85: a: 8, b: 5, ans = 22811
6three95eighttwonineonevkrtwonebgs:  63958291vkr2nebgs: a: 6, b: 2, ans = 22873
92seven2cndf:  9272cndf: a: 9, b: 2, ans = 22965
onezxphkcrsix7klrhnhdcxrpz:  1zxphkcr67klrhnhdcxrpz: a: 1, b: 7, ans = 22982
mgl8ldbxzdlgtwo6cdvxbp:  mgl8ldbxzdlg26cdvxbp: a: 8, b: 6, ans = 23068
foursix7lzcddxnjdrfqtthree7six:  467lzcddxnjdrfqt376: a: 4, b: 6, ans = 23114
hxheightwoncdcrkczbninefour3lfdtgnqgcnbfxbqlnt:  hxh8woncdcrkczb943lfdtgnqgcnbfxbqlnt: a: 8, b: 3, ans = 23197
2pmcvctfml1one92:  2pmcvctfml1192: a: 2, b: 2, ans = 23219
nineone9eight:  9198: a: 9, b: 8, ans = 23317
6crppdpp4cmngqseven3mmv:  6crppdpp4cmngq73mmv: a: 6, b: 3, ans = 23380
473sevensqpvvhfdrfiventgvmvrhtqx:  4737sqpvvhfdr5ntgvmvrhtqx: a: 4, b: 5, ans = 23425
gpnzc1rmfxqgj8nine271:  gpnzc1rmfxqgj89271: a: 1, b: 1, ans = 23436
84sixtwo:  8462: a: 8, b: 2, ans = 23518
frcrtsqhfour3threefivesix:  frcrtsqh43356: a: 4, b: 6, ans = 23564
bhcvf6:  bhcvf6: a: 6, b: 6, ans = 23630
seven2seveneightzqmdqhb9:  7278zqmdqhb9: a: 7, b: 9, ans = 23709
28hjjrgqklqgbm:  28hjjrgqklqgbm: a: 2, b: 8, ans = 23737
98three:  983: a: 9, b: 3, ans = 23830
jqzjntlc541:  jqzjntlc541: a: 5, b: 1, ans = 23881
oneq22:  1q22: a: 1, b: 2, ans = 23893
7fc92ljfmqt19:  7fc92ljfmqt19: a: 7, b: 9, ans = 23972
sixzpzkgfiveonezjvrzfdcf43lbqxqseven:  6zpzkg51zjvrzfdcf43lbqxq7: a: 6, b: 7, ans = 24039
1two4kfxglzcdjc3dpvb:  124kfxglzcdjc3dpvb: a: 1, b: 3, ans = 24052
fivembfkfdq6:  5mbfkfdq6: a: 5, b: 6, ans = 24108
nplrclbrbf5ks6five4hzzbsnine:  nplrclbrbf5ks654hzzbs9: a: 5, b: 9, ans = 24167
3mkmbgxhn:  3mkmbgxhn: a: 3, b: 3, ans = 24200
seven9d:  79d: a: 7, b: 9, ans = 24279
vnfj8qng:  vnfj8qng: a: 8, b: 8, ans = 24367
eightrgtjpdjjktwo1lphnlrtjfxtvghhbncj2two:  8rgtjpdjjk21lphnlrtjfxtvghhbncj22: a: 8, b: 2, ans = 24449
eight66frbpds5g:  866frbpds5g: a: 8, b: 5, ans = 24534
3one8four9two5:  3184925: a: 3, b: 5, ans = 24569
9ninefouronefcckhcdfb1mnmdsltdrsix:  9941fcckhcdfb1mnmdsltdr6: a: 9, b: 6, ans = 24665
eightsvsix122241:  8sv6122241: a: 8, b: 1, ans = 24746
3fgpmgxcdqfourkhnrptlktrchfqbxcbbcxvjgznfjkj:  3fgpmgxcdq4khnrptlktrchfqbxcbbcxvjgznfjkj: a: 3, b: 4, ans = 24780
eighthbhsgrqkgcxtwofour2nzj:  8hbhsgrqkgcx242nzj: a: 8, b: 2, ans = 24862
93xnjrphktk6vshpvnftblggghskg34:  93xnjrphktk6vshpvnftblggghskg34: a: 9, b: 4, ans = 24956
seven2sixsdvmcfgq64:  726sdvmcfgq64: a: 7, b: 4, ans = 25030
twothreefive3hrmkbmrskcvknineninebnjksp:  2353hrmkbmrskcvk99bnjksp: a: 2, b: 9, ans = 25059
82fourninetwothree8:  8249238: a: 8, b: 8, ans = 25147
2two158threeninesix:  22158396: a: 2, b: 6, ans = 25173
hgltdx48onetwofvnsmmsdzjthree:  hgltdx4812fvnsmmsdzj3: a: 4, b: 3, ans = 25216
k38:  k38: a: 3, b: 8, ans = 25254
ninenine4sixctnznsb3tkpx:  9946ctnznsb3tkpx: a: 9, b: 3, ans = 25347
pvfzqtgpntnfhfp47rhllqrlx22:  pvfzqtgpntnfhfp47rhllqrlx22: a: 4, b: 2, ans = 25389
815qxtrghrsg:  815qxtrghrsg: a: 8, b: 5, ans = 25474
5vhfourvdblpninemdzbbgmvsfone:  5vh4vdblp9mdzbbgmvsf1: a: 5, b: 1, ans = 25525
nine8nine6four:  98964: a: 9, b: 4, ans = 25619
threebcbsmxbks2two5twon:  3bcbsmxbks2252n: a: 3, b: 2, ans = 25651
kzpsc74qxflxpsix6jgmzgqxvsngc:  kzpsc74qxflxp66jgmzgqxvsngc: a: 7, b: 6, ans = 25727
7dbrsmpksixqttqsphqpd7twoeight:  7dbrsmpk6qttqsphqpd728: a: 7, b: 8, ans = 25805
kffivefourdknzqsevenvkssgvhxf1:  kf54dknzq7vkssgvhxf1: a: 5, b: 1, ans = 25856
sixeight5sljd5fourxkkxv6:  685sljd54xkkxv6: a: 6, b: 6, ans = 25922
rnsjsmfcbp4twofour:  rnsjsmfcbp424: a: 4, b: 4, ans = 25966
zdfour5pktmsmxf3:  zd45pktmsmxf3: a: 4, b: 3, ans = 26009
threen42:  3n42: a: 3, b: 2, ans = 26041
stgtphmjk7onexfour2foursrpj8:  stgtphmjk71x424srpj8: a: 7, b: 8, ans = 26119
pjbgtsevenseven7zzhgxlmz:  pjbgt777zzhgxlmz: a: 7, b: 7, ans = 26196
sixeightfivefourseven9bpjbcmvkrfive:  685479bpjbcmvkr5: a: 6, b: 5, ans = 26261
hfhxfqlbqtwo4cdfksbbtlcsix:  hfhxfqlbq24cdfksbbtlc6: a: 2, b: 6, ans = 26287
778lkffbzmpdbxjbpfoursdbp:  778lkffbzmpdbxjbp4sdbp: a: 7, b: 4, ans = 26361
tvpjnvtxeight1onefive3nvncq:  tvpjnvtx81153nvncq: a: 8, b: 3, ans = 26444
38seven47:  38747: a: 3, b: 7, ans = 26481
five8threexqtglzmpmvbzfour:  583xqtglzmpmvbz4: a: 5, b: 4, ans = 26535
nmtsjjfvfzbhpltbbsrjphrnxhr1two3sixvp:  nmtsjjfvfzbhpltbbsrjphrnxhr1236vp: a: 1, b: 6, ans = 26551
4gbvkbfqrfgrbr85sixone:  4gbvkbfqrfgrbr8561: a: 4, b: 1, ans = 26592
6mxqltfsxqxnpdrjkxhrp:  6mxqltfsxqxnpdrjkxhrp: a: 6, b: 6, ans = 26658
lftdxbhhzvvhpone51six:  lftdxbhhzvvhp1516: a: 1, b: 6, ans = 26674
3grhbqf5one:  3grhbqf51: a: 3, b: 1, ans = 26705
six9four94tthree:  69494t3: a: 6, b: 3, ans = 26768
sevenh1bdcgdtmjqhnkzxlkxsevenonecbx:  7h1bdcgdtmjqhnkzxlkx71cbx: a: 7, b: 1, ans = 26839
jvtwonecfksxckgq6:  jv2necfksxckgq6: a: 2, b: 6, ans = 26865
zvmjbthreecbpfdvd6:  zvmjb3cbpfdvd6: a: 3, b: 6, ans = 26901
6bsvrsevenbcbcgrrhpxtvbhhfp1:  6bsvr7bcbcgrrhpxtvbhhfp1: a: 6, b: 1, ans = 26962
sevenfivemtmpcgml9mljnhcrdbfvksvlbpmvhs:  75mtmpcgml9mljnhcrdbfvksvlbpmvhs: a: 7, b: 9, ans = 27041
8nine9:  899: a: 8, b: 9, ans = 27130
mszqdg7jsrcckxn:  mszqdg7jsrcckxn: a: 7, b: 7, ans = 27207
eightseven9zzsixninexhscseventhree:  879zz69xhsc73: a: 8, b: 3, ans = 27290
eight57:  857: a: 8, b: 7, ans = 27377
4zjpjz26dxnzfb:  4zjpjz26dxnzfb: a: 4, b: 6, ans = 27423
rmcnbnlpd3nine4gngphqfmc24:  rmcnbnlpd394gngphqfmc24: a: 3, b: 4, ans = 27457
1vvgfxdfourprlmsjmvvtxnn8seven:  1vvgfxd4prlmsjmvvtxnn87: a: 1, b: 7, ans = 27474
nineonethree6zznkfrcgzvfour:  9136zznkfrcgzv4: a: 9, b: 4, ans = 27568
gcnjsdlhptwofourtwoonemggshpdh3eight:  gcnjsdlhp2421mggshpdh38: a: 2, b: 8, ans = 27596
4eightfivenxftjch:  485nxftjch: a: 4, b: 5, ans = 27641
eightthreeseven94:  83794: a: 8, b: 4, ans = 27725
twokvtjgcq992:  2kvtjgcq992: a: 2, b: 2, ans = 27747
69psqdmgbtljjzjmpsbs1fiveoneggjbbk:  69psqdmgbtljjzjmpsbs151ggjbbk: a: 6, b: 1, ans = 27808
3k:  3k: a: 3, b: 3, ans = 27841
eightsix3seven4twosevenq7:  8637427q7: a: 8, b: 7, ans = 27928
jlthbzsc2:  jlthbzsc2: a: 2, b: 2, ans = 27950
22nine8jhmktwo5:  2298jhmk25: a: 2, b: 5, ans = 27975
8pzmtnlfptpjckftzrzqsrxkkcc3:  8pzmtnlfptpjckftzrzqsrxkkcc3: a: 8, b: 3, ans = 28058
four33jfxmhcdktzhqvmkxhklxjllx:  433jfxmhcdktzhqvmkxhklxjllx: a: 4, b: 3, ans = 28101
nine3lqcsbmmh4f:  93lqcsbmmh4f: a: 9, b: 4, ans = 28195
three514twonellp:  35142nellp: a: 3, b: 2, ans = 28227
4qhn5:  4qhn5: a: 4, b: 5, ans = 28272
sixbmkxqdgtkbcghvpzonecfmgkpfrxv68six:  6bmkxqdgtkbcghvpz1cfmgkpfrxv686: a: 6, b: 6, ans = 28338
6threeeightjhfsmp8mpvhrjcxzsevenone:  638jhfsmp8mpvhrjcxz71: a: 6, b: 1, ans = 28399
sevens9two37fjdfrnk:  7s9237fjdfrnk: a: 7, b: 7, ans = 28476
jhzpvfldrbmmmglvrkz2ninelbgpdlpdcteight:  jhzpvfldrbmmmglvrkz29lbgpdlpdct8: a: 2, b: 8, ans = 28504
qj9:  qj9: a: 9, b: 9, ans = 28603
rxfhkkvheightfouronejh8238:  rxfhkkvh841jh8238: a: 8, b: 8, ans = 28691
zfsixvbqngj1vhbvxpfk6:  zf6vbqngj1vhbvxpfk6: a: 6, b: 6, ans = 28757
vjbqvcm3:  vjbqvcm3: a: 3, b: 3, ans = 28790
51six38ngvq42three:  51638ngvq423: a: 5, b: 3, ans = 28843
7zjtcczjz79seven:  7zjtcczjz797: a: 7, b: 7, ans = 28920
five8fivexxmrn:  585xxmrn: a: 5, b: 5, ans = 28975
sixseventhree3sixcsk:  67336csk: a: 6, b: 6, ans = 29041
zninefour8tworxkfb48:  z9482rxkfb48: a: 9, b: 8, ans = 29139
63nine3:  6393: a: 6, b: 3, ans = 29202
11eight:  118: a: 1, b: 8, ans = 29220
bxlgdzqthree2ninegqn6kvktfts8:  bxlgdzq329gqn6kvktfts8: a: 3, b: 8, ans = 29258
tvmzzlpnineztxdbkxgthree1four1:  tvmzzlp9ztxdbkxg3141: a: 9, b: 1, ans = 29349
gxcnhxone9:  gxcnhx19: a: 1, b: 9, ans = 29368
8eightfive5jkqx:  8855jkqx: a: 8, b: 5, ans = 29453
qcfgbpgdveighteightone7seven:  qcfgbpgdv88177: a: 8, b: 7, ans = 29540
86eight2five:  86825: a: 8, b: 5, ans = 29625
tftbbfpsvhtwo8eight8seventwo2:  tftbbfpsvh2888722: a: 2, b: 2, ans = 29647
skfp8:  skfp8: a: 8, b: 8, ans = 29735
8hdlhh4ninenxllmthreefivebhslxkvtcp:  8hdlhh49nxllm35bhslxkvtcp: a: 8, b: 5, ans = 29820
sixbmljnmhseven4sevenmsfbsbqlzrrseven3:  6bmljnmh747msfbsbqlzrr73: a: 6, b: 3, ans = 29883
v1828:  v1828: a: 1, b: 8, ans = 29901
6seven53hhtj:  6753hhtj: a: 6, b: 3, ans = 29964
five51lkfsrm2:  551lkfsrm2: a: 5, b: 2, ans = 30016
bvnrdvjnxjbfv9prx:  bvnrdvjnxjbfv9prx: a: 9, b: 9, ans = 30115
tqbnxeight6hztrsbvronethreethreeqvh:  tqbnx86hztrsbvr133qvh: a: 8, b: 3, ans = 30198
pcbjr3cjhrqxbcvpzdmfive6oneightgt:  pcbjr3cjhrqxbcvpzdm561ightgt: a: 3, b: 1, ans = 30229
qdeightl6four:  qd8l64: a: 8, b: 4, ans = 30313
ncprx96ninegn3:  ncprx969gn3: a: 9, b: 3, ans = 30406
sevenb4eightwonr:  7b48wonr: a: 7, b: 8, ans = 30484
qbslkmkqlf8ztzeightpcn:  qbslkmkqlf8ztz8pcn: a: 8, b: 8, ans = 30572
fiveeightcpn7hvxmtpcsbqfvpnmvgncfbpxzhfive:  58cpn7hvxmtpcsbqfvpnmvgncfbpxzh5: a: 5, b: 5, ans = 30627
3rxxcqhlp4five:  3rxxcqhlp45: a: 3, b: 5, ans = 30662
threefouronevdbdmktp17:  341vdbdmktp17: a: 3, b: 7, ans = 30699
sixdtmnlhth9onefive:  6dtmnlhth915: a: 6, b: 5, ans = 30764
fouronelxgxpvtmseven2ninesix:  41lxgxpvtm7296: a: 4, b: 6, ans = 30810
eightrfxrkcfive21ftlcgdcrmbsnrr:  8rfxrkc521ftlcgdcrmbsnrr: a: 8, b: 1, ans = 30891
nine1fourfourxkppvqrxfdhsdphjcgnhnfnzlld:  9144xkppvqrxfdhsdphjcgnhnfnzlld: a: 9, b: 4, ans = 30985
562:  562: a: 5, b: 2, ans = 31037
4sixhj4eightzkbfpdrtzcsp2:  46hj48zkbfpdrtzcsp2: a: 4, b: 2, ans = 31079
ddfdbdqzfshfxnseven6onetwo2:  ddfdbdqzfshfxn76122: a: 7, b: 2, ans = 31151
five915b3:  5915b3: a: 5, b: 3, ans = 31204
sghrbfzmmrrbnone9four5rkmqgh:  sghrbfzmmrrbn1945rkmqgh: a: 1, b: 5, ans = 31219
threedmmsdvgs6twotwochp:  3dmmsdvgs622chp: a: 3, b: 2, ans = 31251
seven1fivesixnine9four:  7156994: a: 7, b: 4, ans = 31325
6dvmgsjcfour3q:  6dvmgsjc43q: a: 6, b: 3, ans = 31388
cschsrvz3nkk:  cschsrvz3nkk: a: 3, b: 3, ans = 31421
4fnqmnd4rnxbjvcbxpchfour:  4fnqmnd4rnxbjvcbxpch4: a: 4, b: 4, ans = 31465
3eight9:  389: a: 3, b: 9, ans = 31504
tboneninerzhsgqqcxd2gxhm2mhdpkjeight:  tb19rzhsgqqcxd2gxhm2mhdpkj8: a: 1, b: 8, ans = 31522
vpsbgmzbjk6nineeight:  vpsbgmzbjk698: a: 6, b: 8, ans = 31590
sixsjbzldfive6:  6sjbzld56: a: 6, b: 6, ans = 31656
qjprfk1eight7vbdshhnfive59:  qjprfk187vbdshhn559: a: 1, b: 9, ans = 31675
dbxdgt6:  dbxdgt6: a: 6, b: 6, ans = 31741
pdgghktdjhsxnblgpzmtc24onecmctldqtsc:  pdgghktdjhsxnblgpzmtc241cmctldqtsc: a: 2, b: 1, ans = 31762
bgfzght2szvttsdndfiveqgns3:  bgfzght2szvttsdnd5qgns3: a: 2, b: 3, ans = 31785
6ninebdnbxzmeightfivevff8pdllfour:  69bdnbxzm85vff8pdll4: a: 6, b: 4, ans = 31849
four2nineeightvfeighttwo:  4298vf82: a: 4, b: 2, ans = 31891
fiveone3sevenhfqnfbjg3five:  5137hfqnfbjg35: a: 5, b: 5, ans = 31946
eight19two:  8192: a: 8, b: 2, ans = 32028
fqkeightwosvszgpjvbl2xtmgmc6128six:  fqk8wosvszgpjvbl2xtmgmc61286: a: 8, b: 6, ans = 32114
6five6one24fivemcgpx:  6561245mcgpx: a: 6, b: 5, ans = 32179
pmvrz6threemlhoneightdjf:  pmvrz63mlh1ightdjf: a: 6, b: 1, ans = 32240
7cxrgxx53gksgdsv9:  7cxrgxx53gksgdsv9: a: 7, b: 9, ans = 32319
six3two:  632: a: 6, b: 2, ans = 32381
nfqffqrvkvhqfzthgxp3fivesix7gb:  nfqffqrvkvhqfzthgxp3567gb: a: 3, b: 7, ans = 32418
nlqdkgllxdvgj8xdhdfnnnfive:  nlqdkgllxdvgj8xdhdfnnn5: a: 8, b: 5, ans = 32503
fournine1nineseven:  49197: a: 4, b: 7, ans = 32550
four35djzxvsvvdfxbnhsixfouroneseven:  435djzxvsvvdfxbnh6417: a: 4, b: 7, ans = 32597
9fourhntsmprtddm:  94hntsmprtddm: a: 9, b: 4, ans = 32691
fourfsix81sixvxmz8eight:  4f6816vxmz88: a: 4, b: 8, ans = 32739
3pqngffjxqpntqtl8zz4:  3pqngffjxqpntqtl8zz4: a: 3, b: 4, ans = 32773
five325ninemfqxnseven1:  53259mfqxn71: a: 5, b: 1, ans = 32824
1one2gqx3:  112gqx3: a: 1, b: 3, ans = 32837
hqsfive67rr3q4:  hqs567rr3q4: a: 5, b: 4, ans = 32891
onefblnbfvzlzthreenine1:  1fblnbfvzlz391: a: 1, b: 1, ans = 32902
96zsvdl2:  96zsvdl2: a: 9, b: 2, ans = 32994
1fourjjhf1tn18:  14jjhf1tn18: a: 1, b: 8, ans = 33012
sixfdpljnbpzxlvhncjs9threefckbgtcm:  6fdpljnbpzxlvhncjs93fckbgtcm: a: 6, b: 3, ans = 33075
seven6ffmvnnmxl8fxskzvpfs:  76ffmvnnmxl8fxskzvpfs: a: 7, b: 8, ans = 33153
5tgbqdkfive:  5tgbqdk5: a: 5, b: 5, ans = 33208
52czvkbqgztwo17ninesix:  52czvkbqgz21796: a: 5, b: 6, ans = 33264
bmshtrzdcmkfour5:  bmshtrzdcmk45: a: 4, b: 5, ans = 33309
nrfn25one:  nrfn251: a: 2, b: 1, ans = 33330
9two4plklcqzjftj7:  924plklcqzjftj7: a: 9, b: 7, ans = 33427
onedks4five6hdllqssixbssl:  1dks456hdllqs6bssl: a: 1, b: 6, ans = 33443
2xftcfnd2twotwo:  2xftcfnd222: a: 2, b: 2, ans = 33465
rzxzkcdtnmsbhnncltpj62:  rzxzkcdtnmsbhnncltpj62: a: 6, b: 2, ans = 33527
6snszfour:  6snsz4: a: 6, b: 4, ans = 33591
398seven58:  398758: a: 3, b: 8, ans = 33629
vstfive8869:  vst58869: a: 5, b: 9, ans = 33688
1fivesevenvgjrlqqlthjz1:  157vgjrlqqlthjz1: a: 1, b: 1, ans = 33699
tpg7eightseven:  tpg787: a: 7, b: 7, ans = 33776
gqvpptsix356:  gqvppt6356: a: 6, b: 6, ans = 33842
7nineone9fournineeight:  7919498: a: 7, b: 8, ans = 33920
tr1threenine:  tr139: a: 1, b: 9, ans = 33939
tvz8xconeightfz:  tvz8xc1ightfz: a: 8, b: 1, ans = 34020
two11five1nine:  211519: a: 2, b: 9, ans = 34049
jntkxfvt2threegseven3:  jntkxfvt23g73: a: 2, b: 3, ans = 34072
b69ztbtgmqfntdnine4two4:  b69ztbtgmqfntd9424: a: 6, b: 4, ans = 34136
threedsgrrfcpzpfivebrpjhzfhs96gxmfhkhfive3:  3dsgrrfcpzp5brpjhzfhs96gxmfhkh53: a: 3, b: 3, ans = 34169
eighteightthree5crdbzgqvtxx6two:  8835crdbzgqvtxx62: a: 8, b: 2, ans = 34251
nine4onepxjtmbhrpklmlhcfspxrjdnd:  941pxjtmbhrpklmlhcfspxrjdnd: a: 9, b: 1, ans = 34342
7fivetpttvnmgzd:  75tpttvnmgzd: a: 7, b: 5, ans = 34417
8lmddfzjeightxxvvcvp:  8lmddfzj8xxvvcvp: a: 8, b: 8, ans = 34505
loneight1three4dmzxqncjbninerbsrjxxlsb:  l1ight134dmzxqncjb9rbsrjxxlsb: a: 1, b: 9, ans = 34524
657fourdjkhrlxjdp3ninepvlqhz:  6574djkhrlxjdp39pvlqhz: a: 6, b: 9, ans = 34593
three4threekddjrfsdk3:  343kddjrfsdk3: a: 3, b: 3, ans = 34626
8xbjcnsjq89:  8xbjcnsjq89: a: 8, b: 9, ans = 34715
six8ninesixfourpcsfhnsxgrz:  68964pcsfhnsxgrz: a: 6, b: 4, ans = 34779
8twosixmvhmsps3:  826mvhmsps3: a: 8, b: 3, ans = 34862
six9sixeight:  6968: a: 6, b: 8, ans = 34930
4seven175:  47175: a: 4, b: 5, ans = 34975
4twomspqqn6929:  42mspqqn6929: a: 4, b: 9, ans = 35024
71seven9eight:  71798: a: 7, b: 8, ans = 35102
4znc92eight:  4znc928: a: 4, b: 8, ans = 35150
ninetwo2blcllflxonezljhhsfivelngxk:  922blcllflx1zljhhs5lngxk: a: 9, b: 5, ans = 35245
nmbrjnsqhkxzxhmxsix1oneeight5fourseven:  nmbrjnsqhkxzxhmx6118547: a: 6, b: 7, ans = 35312
42kvzlcdjzxmgnpqmsmkxq3seven43eightwovms:  42kvzlcdjzxmgnpqmsmkxq37438wovms: a: 4, b: 8, ans = 35360
rj5hxkldqseven:  rj5hxkldq7: a: 5, b: 7, ans = 35417
f7:  f7: a: 7, b: 7, ans = 35494
5sskjblmnbzjhctvmttwotwott:  5sskjblmnbzjhctvmt22tt: a: 5, b: 2, ans = 35546
9ftmpxlbphsfxzsbktjttkxclknsbkftwo7:  9ftmpxlbphsfxzsbktjttkxclknsbkf27: a: 9, b: 7, ans = 35643
3ndmzlfbsfqhxrlj2fourfive:  3ndmzlfbsfqhxrlj245: a: 3, b: 5, ans = 35678
8378vkthreemggtf2:  8378vk3mggtf2: a: 8, b: 2, ans = 35760
2hprlpkbsfzbnbpsmflxjh15one:  2hprlpkbsfzbnbpsmflxjh151: a: 2, b: 1, ans = 35781
dxvtfrhhxthree68four529eight:  dxvtfrhhx36845298: a: 3, b: 8, ans = 35819
xgjvjddtnine1zxeightwosnx:  xgjvjddt91zx8wosnx: a: 9, b: 8, ans = 35917
sixblpgkznvjseven2oneskvxgngzlpzvjcxkcjgblh:  6blpgkznvj721skvxgngzlpzvjcxkcjgblh: a: 6, b: 1, ans = 35978
bhhkfive4jgngngjfhbp8kpnjtgrmblone:  bhhk54jgngngjfhbp8kpnjtgrmbl1: a: 5, b: 1, ans = 36029
8vmfivetwo9eightthreefxbvf:  8vm52983fxbvf: a: 8, b: 3, ans = 36112
8738:  8738: a: 8, b: 8, ans = 36200
8sixlgnpbpqpltbqqjjxpkcdfourhxzqpmm:  86lgnpbpqpltbqqjjxpkcd4hxzqpmm: a: 8, b: 4, ans = 36284
seventwo5three:  7253: a: 7, b: 3, ans = 36357
h46ssnqlfrl8:  h46ssnqlfrl8: a: 4, b: 8, ans = 36405
ninetwokrkfqhh2jbznndtchssjtbpqdhtnrhsix:  92krkfqhh2jbznndtchssjtbpqdhtnrh6: a: 9, b: 6, ans = 36501
254:  254: a: 2, b: 4, ans = 36525
1nhbdtwosixonezxtnvhjnine:  1nhbd261zxtnvhj9: a: 1, b: 9, ans = 36544
qxx97d1dcnqzqhsixnzbrvrksnc:  qxx97d1dcnqzqh6nzbrvrksnc: a: 9, b: 6, ans = 36640
fivegnxzgvmzone8fourfivethree5:  5gnxzgvmz184535: a: 5, b: 5, ans = 36695
fivexhx7six87:  5xhx7687: a: 5, b: 7, ans = 36752
zngqzxpmd63bgfzjpftsjgzghdppqfqbnblt7sixone:  zngqzxpmd63bgfzjpftsjgzghdppqfqbnblt761: a: 6, b: 1, ans = 36813
ninemzlgnkglj1:  9mzlgnkglj1: a: 9, b: 1, ans = 36904
fiveninesixeightthree4six1:  59683461: a: 5, b: 1, ans = 36955
fivesix5ninethreeqkxczhp3:  56593qkxczhp3: a: 5, b: 3, ans = 37008
eight19two16pqdstm:  819216pqdstm: a: 8, b: 6, ans = 37094
mplj637sjtgzltwo:  mplj637sjtgzl2: a: 6, b: 2, ans = 37156
7lvs7xzmjmxjhlgdqhtqllhtzlkmbfm5:  7lvs7xzmjmxjhlgdqhtqllhtzlkmbfm5: a: 7, b: 5, ans = 37231
six6kqvbjfoureight94:  66kqvbj4894: a: 6, b: 4, ans = 37295
one9qdjpfszz6vxbrdnntfz8btft6:  19qdjpfszz6vxbrdnntfz8btft6: a: 1, b: 6, ans = 37311
65onendmdgtr:  651ndmdgtr: a: 6, b: 1, ans = 37372
seven368:  7368: a: 7, b: 8, ans = 37450
eight31ngsdmnm:  831ngsdmnm: a: 8, b: 1, ans = 37531
2threetgpvcseven:  23tgpvc7: a: 2, b: 7, ans = 37558
nine297zqgvglthreel:  9297zqgvgl3l: a: 9, b: 3, ans = 37651
7eighttxvrbjsnbcseven:  78txvrbjsnbc7: a: 7, b: 7, ans = 37728
rdpcnrscggv1cxv63:  rdpcnrscggv1cxv63: a: 1, b: 3, ans = 37741
2cdfltscsnzg8eightwosg:  2cdfltscsnzg88wosg: a: 2, b: 8, ans = 37769
jrszpsjthree8n8bdjtlcbxtsixktkcc:  jrszpsj38n8bdjtlcbxt6ktkcc: a: 3, b: 6, ans = 37805
dns3:  dns3: a: 3, b: 3, ans = 37838
2threebpkctf:  23bpkctf: a: 2, b: 3, ans = 37861
5pgzpfqntc:  5pgzpfqntc: a: 5, b: 5, ans = 37916
9pkone:  9pk1: a: 9, b: 1, ans = 38007
oneseven2fm545two3:  172fm54523: a: 1, b: 3, ans = 38020
9threegtctbldnnclqpdmjnps7seven:  93gtctbldnnclqpdmjnps77: a: 9, b: 7, ans = 38117
1dknxbdcvpssix413:  1dknxbdcvps6413: a: 1, b: 3, ans = 38130
rzrvm77one2:  rzrvm7712: a: 7, b: 2, ans = 38202
sixnttfive97jdcjvcmg:  6ntt597jdcjvcmg: a: 6, b: 7, ans = 38269
spdmkhnthreebqsmtqgnm5threedxjcvsrxbq:  spdmkhn3bqsmtqgnm53dxjcvsrxbq: a: 3, b: 3, ans = 38302
btzkx8ckninevffmmfm3four:  btzkx8ck9vffmmfm34: a: 8, b: 4, ans = 38386
hgx8fivenine2oneightc:  hgx85921ightc: a: 8, b: 1, ans = 38467
thdfczcpnxctgfiveseven65threeeight4:  thdfczcpnxctg5765384: a: 5, b: 4, ans = 38521
five6nine:  569: a: 5, b: 9, ans = 38580
qgtds7:  qgtds7: a: 7, b: 7, ans = 38657
hqnzcfleight8two2:  hqnzcfl8822: a: 8, b: 2, ans = 38739
8q8zbkjrqxzhlzgmqmzrbfqceight:  8q8zbkjrqxzhlzgmqmzrbfqc8: a: 8, b: 8, ans = 38827
nbbrrmksdm2ninefive3x:  nbbrrmksdm2953x: a: 2, b: 3, ans = 38850
fivec2sixsixmngbsjzk71:  5c266mngbsjzk71: a: 5, b: 1, ans = 38901
821one4:  82114: a: 8, b: 4, ans = 38985
5eightvpxfpnzvsfhcdtn7kdkjdpsqcl:  58vpxfpnzvsfhcdtn7kdkjdpsqcl: a: 5, b: 7, ans = 39042
6seventwotwogxvgvxzjbvcqcl38:  6722gxvgvxzjbvcqcl38: a: 6, b: 8, ans = 39110
onetwo23863:  1223863: a: 1, b: 3, ans = 39123
24qtzzxfhq:  24qtzzxfhq: a: 2, b: 4, ans = 39147
one7six814:  176814: a: 1, b: 4, ans = 39161
czdhrn2twoninetwo8:  czdhrn22928: a: 2, b: 8, ans = 39189
one54:  154: a: 1, b: 4, ans = 39203
foursslpnrqcv7sixtwoned:  4sslpnrqcv762ned: a: 4, b: 2, ans = 39245
9xsptsgfplpbrtpc1sevenjrggpr52:  9xsptsgfplpbrtpc17jrggpr52: a: 9, b: 2, ans = 39337
zoneightg6sixgfdtwo7:  z1ightg66gfd27: a: 1, b: 7, ans = 39354
34twodhthree2tqsevenvqqrxq:  342dh32tq7vqqrxq: a: 3, b: 7, ans = 39391
monektltrghq97seven:  m1ktltrghq977: a: 1, b: 7, ans = 39408
ggeightwothree5cpfvrnp48:  gg8wo35cpfvrnp48: a: 8, b: 8, ans = 39496
nine7zpcbx33bbmd:  97zpcbx33bbmd: a: 9, b: 3, ans = 39589
six831:  6831: a: 6, b: 1, ans = 39650
63vjlqdc5one:  63vjlqdc51: a: 6, b: 1, ans = 39711
nine9cgxgrq8:  99cgxgrq8: a: 9, b: 8, ans = 39809
5sixxpeightsix:  56xp86: a: 5, b: 6, ans = 39865
onecgpxlhhgtthreetwo3:  1cgpxlhhgt323: a: 1, b: 3, ans = 39878
336:  336: a: 3, b: 6, ans = 39914
xcdjlblthreefourqrcxbxlhsdlseven5five:  xcdjlbl34qrcxbxlhsdl755: a: 3, b: 5, ans = 39949
9znnlhrrmb1999drzkckthreehghffcgfr:  9znnlhrrmb1999drzkck3hghffcgfr: a: 9, b: 3, ans = 40042
two8one:  281: a: 2, b: 1, ans = 40063
ztwogggh48:  z2gggh48: a: 2, b: 8, ans = 40091
six4pcmqkpqb:  64pcmqkpqb: a: 6, b: 4, ans = 40155
14two47vmhbsgrgdone3:  14247vmhbsgrgd13: a: 1, b: 3, ans = 40168
84eight2:  8482: a: 8, b: 2, ans = 40250
5cnoneskjzppm:  5cn1skjzppm: a: 5, b: 1, ans = 40301
nine8threecstfxqp7:  983cstfxqp7: a: 9, b: 7, ans = 40398
threecsbhnn22three9three4xphcvgnz:  3csbhnn223934xphcvgnz: a: 3, b: 4, ans = 40432
vjq8ninenhr7:  vjq89nhr7: a: 8, b: 7, ans = 40519
qcffmrfthreexgjjrdbdthree3:  qcffmrf3xgjjrdbd33: a: 3, b: 3, ans = 40552
eightsix5:  865: a: 8, b: 5, ans = 40637
threeeightfcsmrvdqzp6:  38fcsmrvdqzp6: a: 3, b: 6, ans = 40673
sevendcpm3five4eightbthreefive:  7dcpm3548b35: a: 7, b: 5, ans = 40748
kq9one46dqnr:  kq9146dqnr: a: 9, b: 6, ans = 40844
jbmtdqbzn5sixlnthree:  jbmtdqbzn56ln3: a: 5, b: 3, ans = 40897
ninebdz4fourbvq:  9bdz44bvq: a: 9, b: 4, ans = 40991
phbzxtvtthreerm89:  phbzxtvt3rm89: a: 3, b: 9, ans = 41030
dqlgfoursix5k3mcrkmxcp:  dqlg465k3mcrkmxcp: a: 4, b: 3, ans = 41073
3fivesixqrrvtsjdxtdqp14pznxpnrgkrvg:  356qrrvtsjdxtdqp14pznxpnrgkrvg: a: 3, b: 4, ans = 41107
5cnkfz4lxbvbpmcfninetgn9:  5cnkfz4lxbvbpmcf9tgn9: a: 5, b: 9, ans = 41166
mtjq8threeninefourhnzgctvtrfive:  mtjq8394hnzgctvtr5: a: 8, b: 5, ans = 41251
47l6784:  47l6784: a: 4, b: 4, ans = 41295
twopdmponenzpjfbqgt2nine1qccqx:  2pdmp1nzpjfbqgt291qccqx: a: 2, b: 1, ans = 41316
77hspkdhqfztwomkdshrkn3nt:  77hspkdhqfz2mkdshrkn3nt: a: 7, b: 3, ans = 41389
five7pjrslqhkzcjzhn6:  57pjrslqhkzcjzhn6: a: 5, b: 6, ans = 41445
twoqvgphqs8zzmgclhsseven5eightfive:  2qvgphqs8zzmgclhs7585: a: 2, b: 5, ans = 41470
threehmkjmrqqblnrfvbpzhrsix4zvlmcqeight:  3hmkjmrqqblnrfvbpzhr64zvlmcq8: a: 3, b: 8, ans = 41508
6lcfjthree8ninefive54:  6lcfj389554: a: 6, b: 4, ans = 41572
sevenfive558four:  755584: a: 7, b: 4, ans = 41646
htbdrfh8bthreeninedrjdbjbzlknine:  htbdrfh8b39drjdbjbzlk9: a: 8, b: 9, ans = 41735
hkhknzrbfsevenhcvbdfs2sixcbjqzltfour4:  hkhknzrbf7hcvbdfs26cbjqzlt44: a: 7, b: 4, ans = 41809
qrvfpxdseven2:  qrvfpxd72: a: 7, b: 2, ans = 41881
139msnzkfgpzdz5nine1:  139msnzkfgpzdz591: a: 1, b: 1, ans = 41892
rbdone3ftvrdkssvmnzjgpcbdjzdkcgbcs69:  rbd13ftvrdkssvmnzjgpcbdjzdkcgbcs69: a: 1, b: 9, ans = 41911
nine58:  958: a: 9, b: 8, ans = 42009
2ckxdtcqc5seveneight4two:  2ckxdtcqc57842: a: 2, b: 2, ans = 42031
qtgndtm4mrqvtgbgjf7nzhvtvjqqrdmfiverzzgn:  qtgndtm4mrqvtgbgjf7nzhvtvjqqrdm5rzzgn: a: 4, b: 5, ans = 42076
3rchqn37tlvgtftdjqxgbvhlpclpneightfive:  3rchqn37tlvgtftdjqxgbvhlpclpn85: a: 3, b: 5, ans = 42111
11sfhcntjzpnkvpzjfhhpmbtjptngpnbqthreethree6:  11sfhcntjzpnkvpzjfhhpmbtjptngpnbq336: a: 1, b: 6, ans = 42127
fivenine4cthreeeightzqlckkvs:  594c38zqlckkvs: a: 5, b: 8, ans = 42185
5threekjqxkddgvzph92:  53kjqxkddgvzph92: a: 5, b: 2, ans = 42237
five372seven8eightthreefour:  537278834: a: 5, b: 4, ans = 42291
fivegjjxh15zdnbxzlhleight5fourqrpxj:  5gjjxh15zdnbxzlhl854qrpxj: a: 5, b: 4, ans = 42345
84sevenvckrdpxlgzkcbpr76fjzbpn:  847vckrdpxlgzkcbpr76fjzbpn: a: 8, b: 6, ans = 42431
mvvxgjfqj9five1psvtflxhkpfourdxzxhvxmthreekp:  mvvxgjfqj951psvtflxhkp4dxzxhvxm3kp: a: 9, b: 3, ans = 42524
seven7pnltbp1twotwo9lfdgzpj:  77pnltbp1229lfdgzpj: a: 7, b: 9, ans = 42603
sevenfkrtsgrnhgfive54three8csmsg:  7fkrtsgrnhg55438csmsg: a: 7, b: 8, ans = 42681
sevendczlbgjbg6srsbtseven:  7dczlbgjbg6srsbt7: a: 7, b: 7, ans = 42758
onejscsevensix2oneightd:  1jsc7621ightd: a: 1, b: 1, ans = 42769
mchrcflvfj3znrzhrvbhm:  mchrcflvfj3znrzhrvbhm: a: 3, b: 3, ans = 42802
brfninexxntnine83kfzbn:  brf9xxnt983kfzbn: a: 9, b: 3, ans = 42895
97tfgthreefxpv:  97tfg3fxpv: a: 9, b: 3, ans = 42988
kspdrcnvvntts8bb4sixvghhjcpt:  kspdrcnvvntts8bb46vghhjcpt: a: 8, b: 6, ans = 43074
8onedxcbnlvpntljztxs:  81dxcbnlvpntljztxs: a: 8, b: 1, ans = 43155
c91drttnrsevenxj9:  c91drttnr7xj9: a: 9, b: 9, ans = 43254
9onethree9fivexrszjfxcrjdbskdmn:  91395xrszjfxcrjdbskdmn: a: 9, b: 5, ans = 43349
cjtnzpfourxspsjvmrbqclkzkdftc8pdfbfxjnvflgfkqctvcsc:  cjtnzp4xspsjvmrbqclkzkdftc8pdfbfxjnvflgfkqctvcsc: a: 4, b: 8, ans = 43397
5seventkqrdpmrrchxfournczqzlqqm7p:  57tkqrdpmrrchx4nczqzlqqm7p: a: 5, b: 7, ans = 43454
nhpbdxgzzjltdftqc5fivelgvjshonervrxmgscvhnnfl:  nhpbdxgzzjltdftqc55lgvjsh1rvrxmgscvhnnfl: a: 5, b: 1, ans = 43505
2gcqpdcgjv:  2gcqpdcgjv: a: 2, b: 2, ans = 43527
bqhzdzxb54:  bqhzdzxb54: a: 5, b: 4, ans = 43581
nsmxljkjcmnmxvcrj7threegcrjs7:  nsmxljkjcmnmxvcrj73gcrjs7: a: 7, b: 7, ans = 43658
2cninev1eightdjcztnrk:  2c9v18djcztnrk: a: 2, b: 8, ans = 43686
cmjskeightmjfrlfhm22fivetzmfive:  cmjsk8mjfrlfhm225tzm5: a: 8, b: 5, ans = 43771
8ndsix:  8nd6: a: 8, b: 6, ans = 43857
nzrgmlcrg5r4eighthfxm4:  nzrgmlcrg5r48hfxm4: a: 5, b: 4, ans = 43911
threeptlf3x4:  3ptlf3x4: a: 3, b: 4, ans = 43945
3bhd:  3bhd: a: 3, b: 3, ans = 43978
cbmzrtglngmghmonezdqnhxxd1ctpghbfzqfivefour8:  cbmzrtglngmghm1zdqnhxxd1ctpghbfzq548: a: 1, b: 8, ans = 43996
eightpdzftbdlcrtwonine29bcgxflmf:  8pdzftbdlcr2929bcgxflmf: a: 8, b: 9, ans = 44085
69crzsmjfivecxcqtffoursix4two:  69crzsmj5cxcqtf4642: a: 6, b: 2, ans = 44147
92zghnv:  92zghnv: a: 9, b: 2, ans = 44239
fivejmdxvnf1:  5jmdxvnf1: a: 5, b: 1, ans = 44290
1ntvtnrjmeight1onegckvcnsjnthree:  1ntvtnrjm811gckvcnsjn3: a: 1, b: 3, ans = 44303
ncxgppbsnhsfnhlonelfbxqzsgfjj8:  ncxgppbsnhsfnhl1lfbxqzsgfjj8: a: 1, b: 8, ans = 44321
eightfhjbrlzxcgtls42sixtjk7two:  8fhjbrlzxcgtls426tjk72: a: 8, b: 2, ans = 44403
czrtnfzjnjhxdxtbgtmntkcpninejtzrprsstm4eight2:  czrtnfzjnjhxdxtbgtmntkcp9jtzrprsstm482: a: 9, b: 2, ans = 44495
483nine:  4839: a: 4, b: 9, ans = 44544
onecnxpmhjjcvdtzc71seven:  1cnxpmhjjcvdtzc717: a: 1, b: 7, ans = 44561
5l15:  5l15: a: 5, b: 5, ans = 44616
19jmkmrxbdbtz4shpdgmmhzrxtbftpgrj3plvlqdvnr:  19jmkmrxbdbtz4shpdgmmhzrxtbftpgrj3plvlqdvnr: a: 1, b: 3, ans = 44629
two4two:  242: a: 2, b: 2, ans = 44651
kqgtjstcpnhf8:  kqgtjstcpnhf8: a: 8, b: 8, ans = 44739
sn6:  sn6: a: 6, b: 6, ans = 44805
grtgjxgqhv2fourbjmfnb:  grtgjxgqhv24bjmfnb: a: 2, b: 4, ans = 44829
bfmtkqfcp5hks74fivesevenbgvgzr:  bfmtkqfcp5hks7457bgvgzr: a: 5, b: 7, ans = 44886
peightwoninef2ninejmlhndvjd92:  p8wo9f29jmlhndvjd92: a: 8, b: 2, ans = 44968
1qxm:  1qxm: a: 1, b: 1, ans = 44979
2drkgnvghqrjtfxrvnthreesevenpzzldp:  2drkgnvghqrjtfxrvn37pzzldp: a: 2, b: 7, ans = 45006
four4zcmmzgbzc:  44zcmmzgbzc: a: 4, b: 4, ans = 45050
4nfbpctgmx:  4nfbpctgmx: a: 4, b: 4, ans = 45094
3threemfbgthree19sixone8:  33mfbg319618: a: 3, b: 8, ans = 45132
ggc1gldjhxsgvq:  ggc1gldjhxsgvq: a: 1, b: 1, ans = 45143
1four4seven824nineeight:  144782498: a: 1, b: 8, ans = 45161
ninefour6one5ninetwo:  9461592: a: 9, b: 2, ans = 45253
bpjs8rjdxpm:  bpjs8rjdxpm: a: 8, b: 8, ans = 45341
zggcvkzeight7onejgkhpsrdkfvfx5three:  zggcvkz871jgkhpsrdkfvfx53: a: 8, b: 3, ans = 45424
7h7lpjzsdv4six1:  7h7lpjzsdv461: a: 7, b: 1, ans = 45495
6seven9one4:  67914: a: 6, b: 4, ans = 45559
sixfour6:  646: a: 6, b: 6, ans = 45625
4hkddrmgfp:  4hkddrmgfp: a: 4, b: 4, ans = 45669
43ninecrtoneseven2qbhkkbzdltfour:  439crt172qbhkkbzdlt4: a: 4, b: 4, ans = 45713
85:  85: a: 8, b: 5, ans = 45798
hlfive3dqzdvjkdd:  hl53dqzdvjkdd: a: 5, b: 3, ans = 45851
5chpcxbjkrdzbjtwofivethreem:  5chpcxbjkrdzbj253m: a: 5, b: 3, ans = 45904
6ninenineonefour:  69914: a: 6, b: 4, ans = 45968
5five8twoonesf2:  55821sf2: a: 5, b: 2, ans = 46020
four1seven5pbbjgmxgxmvfzjtvr6vttbnd:  4175pbbjgmxgxmvfzjtvr6vttbnd: a: 4, b: 6, ans = 46066
zzkcpcckmsixeightnine4:  zzkcpcckm6894: a: 6, b: 4, ans = 46130
9xxzzvcsg45one:  9xxzzvcsg451: a: 9, b: 1, ans = 46221
xmd3ninerxllskrl:  xmd39rxllskrl: a: 3, b: 9, ans = 46260
xxj2onesixfive3six:  xxj216536: a: 2, b: 6, ans = 46286
threeseven8:  378: a: 3, b: 8, ans = 46324
one43:  143: a: 1, b: 3, ans = 46337
1sixthreelcbcfgbone3bzgrl5:  163lcbcfgb13bzgrl5: a: 1, b: 5, ans = 46352
four12535three5:  41253535: a: 4, b: 5, ans = 46397
jztxrtwo8495:  jztxr28495: a: 2, b: 5, ans = 46422
threeqhsvcvzfnsevenfourtwothreeffrz9:  3qhsvcvzfn7423ffrz9: a: 3, b: 9, ans = 46461
onevqlxcz461five4fthree:  1vqlxcz46154f3: a: 1, b: 3, ans = 46474
znine5:  z95: a: 9, b: 5, ans = 46569
cch5ptlbcbh2ngnlqnrdsjv6mfhndf2:  cch5ptlbcbh2ngnlqnrdsjv6mfhndf2: a: 5, b: 2, ans = 46621
threehblbzlddttzkrsl51eightzrj:  3hblbzlddttzkrsl518zrj: a: 3, b: 8, ans = 46659
68pgmnbz7seven:  68pgmnbz77: a: 6, b: 7, ans = 46726
twotfhcgltpp1ntpcvrmkgd998:  2tfhcgltpp1ntpcvrmkgd998: a: 2, b: 8, ans = 46754
seven3fourfive7eightsevendlqqseven:  7345787dlqq7: a: 7, b: 7, ans = 46831
jqtcrf43zkktbqhsevendljgb5two:  jqtcrf43zkktbqh7dljgb52: a: 4, b: 2, ans = 46873
3one5threethree:  31533: a: 3, b: 3, ans = 46906
vvpjcnine9seventhreeninebtzmr:  vvpjc99739btzmr: a: 9, b: 9, ans = 47005
jfourp7twoseven32:  j4p72732: a: 4, b: 2, ans = 47047
2prjqnineninevjlmqkrkdxv:  2prjq99vjlmqkrkdxv: a: 2, b: 9, ans = 47076
67six1oneddp9:  67611ddp9: a: 6, b: 9, ans = 47145
tcbcttxninenine21hrmphqrjkvtnfgchjnb3:  tcbcttx9921hrmphqrjkvtnfgchjnb3: a: 9, b: 3, ans = 47238
sg1six5sevennineone:  sg165791: a: 1, b: 1, ans = 47249
ninet7jkrzxtmmz:  9t7jkrzxtmmz: a: 9, b: 7, ans = 47346
ninesixtslvqck9:  96tslvqck9: a: 9, b: 9, ans = 47445
dnhsp9sevenrrsjdn:  dnhsp97rrsjdn: a: 9, b: 7, ans = 47542
onekqkvb7:  1kqkvb7: a: 1, b: 7, ans = 47559
2sfflskftk:  2sfflskftk: a: 2, b: 2, ans = 47581
79four:  794: a: 7, b: 4, ans = 47655
jnngdkghtwo1two:  jnngdkgh212: a: 2, b: 2, ans = 47677
fptfourseven4hjvkz3onesix:  fpt474hjvkz316: a: 4, b: 6, ans = 47723
tzhtsgkcp8:  tzhtsgkcp8: a: 8, b: 8, ans = 47811
9n:  9n: a: 9, b: 9, ans = 47910
six4294seven8:  6429478: a: 6, b: 8, ans = 47978
seveneight74five1:  787451: a: 7, b: 1, ans = 48049
kfghjdssttgrfour2two5three1nine:  kfghjdssttgr4225319: a: 4, b: 9, ans = 48098
5gkhgsixvlpcdmpgbjkqtjlthreetwo3one:  5gkhg6vlpcdmpgbjkqtjl3231: a: 5, b: 1, ans = 48149
sevenfour1tfxzgsnldk1fiveqg:  741tfxzgsnldk15qg: a: 7, b: 5, ans = 48224
187qhhqlrjx:  187qhhqlrjx: a: 1, b: 7, ans = 48241
2lthreethreexthjqcsix:  2l33xthjqc6: a: 2, b: 6, ans = 48267
cgpxkxgkmcpdzhtpc363:  cgpxkxgkmcpdzhtpc363: a: 3, b: 3, ans = 48300
sixbtkvqt3:  6btkvqt3: a: 6, b: 3, ans = 48363
4twotwoqqmtb7dczgqrtsixseven:  422qqmtb7dczgqrt67: a: 4, b: 7, ans = 48410
seventwo7z9fzgjkl5fjndrznc:  727z9fzgjkl5fjndrznc: a: 7, b: 5, ans = 48485
qsgfnjqsghtwoninethree8lppsthree:  qsgfnjqsgh2938lpps3: a: 2, b: 3, ans = 48508
threesevenkdzzvzbl2foursxrlq4sevensix:  37kdzzvzbl24sxrlq476: a: 3, b: 6, ans = 48544
seven8bjbmcnhrcp3one:  78bjbmcnhrcp31: a: 7, b: 1, ans = 48615
gg531:  gg531: a: 5, b: 1, ans = 48666
one8sfvzplxlknine54:  18sfvzplxlk954: a: 1, b: 4, ans = 48680
dlxeightwo48fourthreeninethreeeight:  dlx8wo4843938: a: 8, b: 8, ans = 48768
sixxlglqsjtmqmgcnfvpljsevenqlgllg6:  6xlglqsjtmqmgcnfvplj7qlgllg6: a: 6, b: 6, ans = 48834
tszncfour7one:  tsznc471: a: 4, b: 1, ans = 48875
three54three4:  35434: a: 3, b: 4, ans = 48909
qkjxzcdmxqvjngmrkpmleight83:  qkjxzcdmxqvjngmrkpml883: a: 8, b: 3, ans = 48992
5twoksv49:  52ksv49: a: 5, b: 9, ans = 49051
7six58sseven87two:  7658s7872: a: 7, b: 2, ans = 49123
fourseven6ndsgfjv8:  476ndsgfjv8: a: 4, b: 8, ans = 49171
ppmclkxhpjpqrjoneeight8two:  ppmclkxhpjpqrj1882: a: 1, b: 2, ans = 49183
538:  538: a: 5, b: 8, ans = 49241
sixlhsixfive5:  6lh655: a: 6, b: 5, ans = 49306
twosevenb3f2twonebpb:  27b3f22nebpb: a: 2, b: 2, ans = 49328
lxqbgl55fgzfmvtpgjbxxgffsixlkxlbvmjkkslqpkq5:  lxqbgl55fgzfmvtpgjbxxgff6lkxlbvmjkkslqpkq5: a: 5, b: 5, ans = 49383
7ptnpseven6one:  7ptnp761: a: 7, b: 1, ans = 49454
3mtlbfc6tx46five:  3mtlbfc6tx465: a: 3, b: 5, ans = 49489
99pgdmnrbjv:  99pgdmnrbjv: a: 9, b: 9, ans = 49588
7twokvzlvptxcrfbfzqsxsqvxtfkcpkczkr9fjxsr:  72kvzlvptxcrfbfzqsxsqvxtfkcpkczkr9fjxsr: a: 7, b: 9, ans = 49667
eight82lfivenine:  882l59: a: 8, b: 9, ans = 49756
onetwo2jvqdhkktbeight:  122jvqdhkktb8: a: 1, b: 8, ans = 49774
8zhxksgcc79one:  8zhxksgcc791: a: 8, b: 1, ans = 49855
knqqz4:  knqqz4: a: 4, b: 4, ans = 49899
36twofour:  3624: a: 3, b: 4, ans = 49933
2gdssixtnineeight2:  2gds6t982: a: 2, b: 2, ans = 49955
foursix4:  464: a: 4, b: 4, ans = 49999
49hjbscbjvbckhjmjrdbh3one:  49hjbscbjvbckhjmjrdbh31: a: 4, b: 1, ans = 50040
fivesixdqpnv2:  56dqpnv2: a: 5, b: 2, ans = 50092
7ftwo:  7f2: a: 7, b: 2, ans = 50164
fourffhffkphssbxzsgeight68dvhgrb:  4ffhffkphssbxzsg868dvhgrb: a: 4, b: 8, ans = 50212
two8sevenfive1:  28751: a: 2, b: 1, ans = 50233
dggljb5nvhpspbscfhd21:  dggljb5nvhpspbscfhd21: a: 5, b: 1, ans = 50284
twokeightthreeone6lqglrseven:  2k8316lqglr7: a: 2, b: 7, ans = 50311
cklfcsqgtwohptslmlgdpjktvvbbx3:  cklfcsqg2hptslmlgdpjktvvbbx3: a: 2, b: 3, ans = 50334
two3sixthreesevennine:  236379: a: 2, b: 9, ans = 50363
7ninepnclmdnv7ninevmqoneightpct:  79pnclmdnv79vmq1ightpct: a: 7, b: 1, ans = 50434
czzbhfhhrfonetwo1ttvpgxkgsonektpnfrptjltklj4:  czzbhfhhrf121ttvpgxkgs1ktpnfrptjltklj4: a: 1, b: 4, ans = 50448
7sixthree1five45:  7631545: a: 7, b: 5, ans = 50523
btwone3fivelfzmfxsr81oneqhkzjvt:  b2ne35lfzmfxsr811qhkzjvt: a: 2, b: 1, ans = 50544
5kmrlbvpcdrfivefourfive3:  5kmrlbvpcdr5453: a: 5, b: 3, ans = 50597
9fsl3nine12:  9fsl3912: a: 9, b: 2, ans = 50689
1seven1seventwofivetwosix:  17172526: a: 1, b: 6, ans = 50705
sixzdeight9fcpzvsbtz85:  6zd89fcpzvsbtz85: a: 6, b: 5, ans = 50770
n1jmxjvgfiveone:  n1jmxjvg51: a: 1, b: 1, ans = 50781
1qsptpfbqtrl19three:  1qsptpfbqtrl193: a: 1, b: 3, ans = 50794
5twoeight3grrksgjdkgn:  5283grrksgjdkgn: a: 5, b: 3, ans = 50847
1dq4sjknrp755:  1dq4sjknrp755: a: 1, b: 5, ans = 50862
2three2five:  2325: a: 2, b: 5, ans = 50887
txktfive2ngqfl57:  txkt52ngqfl57: a: 5, b: 7, ans = 50944
vnrjvh1qpbbzqlgjpgrsgrqgggthreeone:  vnrjvh1qpbbzqlgjpgrsgrqggg31: a: 1, b: 1, ans = 50955
sevenone8srlxqqlvv:  718srlxqqlvv: a: 7, b: 8, ans = 51033
eightsbfivefourfourseven6:  8sb54476: a: 8, b: 6, ans = 51119
853:  853: a: 8, b: 3, ans = 51202
eight53b3sxfvnz7:  853b3sxfvnz7: a: 8, b: 7, ans = 51289
qbhrhkhcbnsfivenszghnbhsix2ggvv:  qbhrhkhcbns5nszghnbh62ggvv: a: 5, b: 2, ans = 51341
two28three9:  22839: a: 2, b: 9, ans = 51370
rltzcpbqxfive1nineone:  rltzcpbqx5191: a: 5, b: 1, ans = 51421
5threedcfspjkm62seven8:  53dcfspjkm6278: a: 5, b: 8, ans = 51479
tlndznhtthree268:  tlndznht3268: a: 3, b: 8, ans = 51517
ndfgfkphmn2sixjxxtlbqlnine:  ndfgfkphmn26jxxtlbql9: a: 2, b: 9, ans = 51546
51eight682fivepnine:  5186825p9: a: 5, b: 9, ans = 51605
dqvrvthreesixsix2fivenrjeight:  dqvrv36625nrj8: a: 3, b: 8, ans = 51643
seven69:  769: a: 7, b: 9, ans = 51722
4qlkktltwo8tqgxcninefour21:  4qlkktl28tqgxc9421: a: 4, b: 1, ans = 51763
threefour32j:  3432j: a: 3, b: 2, ans = 51795
4nine27ngxp8:  4927ngxp8: a: 4, b: 8, ans = 51843
seven5ghxkb8:  75ghxkb8: a: 7, b: 8, ans = 51921
nineone56:  9156: a: 9, b: 6, ans = 52017
two8onezonesctsttzt5:  281z1sctsttzt5: a: 2, b: 5, ans = 52042
64km6ttncd:  64km6ttncd: a: 6, b: 6, ans = 52108
three6six6:  3666: a: 3, b: 6, ans = 52144
threetwoeight7six7jgmhreightwocl:  328767jgmhr8wocl: a: 3, b: 8, ans = 52182
3sixfivehjgvqjlrsfivesix6:  365hjgvqjlrs566: a: 3, b: 6, ans = 52218
fiveeight3sppjtccnineeighteightnffgtlsdj:  583sppjtcc988nffgtlsdj: a: 5, b: 8, ans = 52276
12seven9fbqxhs9jgh4five:  1279fbqxhs9jgh45: a: 1, b: 5, ans = 52291
7dmbqrqsnckxtpt:  7dmbqrqsnckxtpt: a: 7, b: 7, ans = 52368
ktvlgfzt95lfdvf4lbppfccjcprdpkdj:  ktvlgfzt95lfdvf4lbppfccjcprdpkdj: a: 9, b: 4, ans = 52462
seven65lrjmmqdfjfourtslnhdh5:  765lrjmmqdfj4tslnhdh5: a: 7, b: 5, ans = 52537
sblgrkqccmpqhfksmg5532:  sblgrkqccmpqhfksmg5532: a: 5, b: 2, ans = 52589
rgqzkmmv4ctgzcgvqdghmvfour3:  rgqzkmmv4ctgzcgvqdghmv43: a: 4, b: 3, ans = 52632
24rtxdxqnbvdnkgtgcbfkfbtwo:  24rtxdxqnbvdnkgtgcbfkfb2: a: 2, b: 2, ans = 52654
63seven78hrdnnsh:  63778hrdnnsh: a: 6, b: 8, ans = 52722
eighttpj79:  8tpj79: a: 8, b: 9, ans = 52811
foursix6:  466: a: 4, b: 6, ans = 52857
6czcdgdmrmzcdcfmsixfkdnbdsplcscqh27:  6czcdgdmrmzcdcfm6fkdnbdsplcscqh27: a: 6, b: 7, ans = 52924
3333dgrd:  3333dgrd: a: 3, b: 3, ans = 52957
8threeltfpfz3:  83ltfpfz3: a: 8, b: 3, ans = 53040
xgxddj3qkcnbbbhtvbzkmvh8:  xgxddj3qkcnbbbhtvbzkmvh8: a: 3, b: 8, ans = 53078
s2pzqkldrcx43xzmxqvspm:  s2pzqkldrcx43xzmxqvspm: a: 2, b: 3, ans = 53101
eight1gkvlt24twothree19:  81gkvlt242319: a: 8, b: 9, ans = 53190
lkrzltxknd5fmjgbds2klkfgcgp3xcbxxpnl9hzfbfclrx:  lkrzltxknd5fmjgbds2klkfgcgp3xcbxxpnl9hzfbfclrx: a: 5, b: 9, ans = 53249
2zhn73:  2zhn73: a: 2, b: 3, ans = 53272
sixone4eightninelthreeeight:  61489l38: a: 6, b: 8, ans = 53340
seven8vlqqfjfmltwosevenfivetwo:  78vlqqfjfml2752: a: 7, b: 2, ans = 53412
spfkzfmssfjrsevennine8ltlrnrjbcfive8:  spfkzfmssfjr798ltlrnrjbc58: a: 7, b: 8, ans = 53490
1spbthreeshsgmrbcp:  1spb3shsgmrbcp: a: 1, b: 3, ans = 53503
ninefive7cnxznfmcp6nine:  957cnxznfmcp69: a: 9, b: 9, ans = 53602
eight4one9x3nine:  8419x39: a: 8, b: 9, ans = 53691
eightnine4kgxhxx1ckrqlrn:  894kgxhxx1ckrqlrn: a: 8, b: 1, ans = 53772
6sevenkjmfxrbhck:  67kjmfxrbhck: a: 6, b: 7, ans = 53839
jsgtwonefvmcdsnqfp4fivefivesevenhkbkqcb1vgkshfnxfc:  jsg2nefvmcdsnqfp4557hkbkqcb1vgkshfnxfc: a: 2, b: 1, ans = 53860
eightcvzmtlvsm49:  8cvzmtlvsm49: a: 8, b: 9, ans = 53949
78four:  784: a: 7, b: 4, ans = 54023
threeoneninecjzs75:  319cjzs75: a: 3, b: 5, ans = 54058
xrxrsrh58:  xrxrsrh58: a: 5, b: 8, ans = 54116
1zqkhcvoneseventwohbrfbqgvp:  1zqkhcv172hbrfbqgvp: a: 1, b: 2, ans = 54128
9zfznrfvtgjfhsk:  9zfznrfvtgjfhsk: a: 9, b: 9, ans = 54227
v5jcblbstnvxk:  v5jcblbstnvxk: a: 5, b: 5, ans = 54282
6s1:  6s1: a: 6, b: 1, ans = 54343
6three1seven:  6317: a: 6, b: 7, ans = 54410
75xpmzmhqqphgtrblhkcdxczcvbmg:  75xpmzmhqqphgtrblhkcdxczcvbmg: a: 7, b: 5, ans = 54485
2rqv989fourthreefourone:  2rqv9894341: a: 2, b: 1, ans = 54506
zmghjgrfqlzpdcqq9fjnkbl7btgf:  zmghjgrfqlzpdcqq9fjnkbl7btgf: a: 9, b: 7, ans = 54603
2three3qvbfbn:  233qvbfbn: a: 2, b: 3, ans = 54626
fivehnklrqktnqqlqfslfjpfpfx9six:  5hnklrqktnqqlqfslfjpfpfx96: a: 5, b: 6, ans = 54682
3xvskqbjzrlonetwo:  3xvskqbjzrl12: a: 3, b: 2, ans = 54714
95fx6sevenseven3grfncsdttt:  95fx6773grfncsdttt: a: 9, b: 3, ans = 54807
two8twoklgnrm:  282klgnrm: a: 2, b: 2, ans = 54829
two9seven6eight:  29768: a: 2, b: 8, ans = 54857
7lh2sevenshfvljtphhnbhvkzxxgjjrvlq7:  7lh27shfvljtphhnbhvkzxxgjjrvlq7: a: 7, b: 7, ans = 54934
ninemdgkndsevensevensix4seven:  9mdgknd77647: a: 9, b: 7, ans = 55031
4three6eight1lkdmtbh:  43681lkdmtbh: a: 4, b: 1, ans = 55072
7rdpvbqljvnine82pmqclfive:  7rdpvbqljv982pmqcl5: a: 7, b: 5, ans = 55147
nine6nine7seven6:  969776: a: 9, b: 6, ans = 55243
54rvpqphbpxmcfjmcspsnhrjp:  54rvpqphbpxmcfjmcspsnhrjp: a: 5, b: 4, ans = 55297
eightn2skzmpmtgqhvvfxgqonevtbfsmfklzspxdrgj:  8n2skzmpmtgqhvvfxgq1vtbfsmfklzspxdrgj: a: 8, b: 1, ans = 55378
nine276rzshsrvncjrdzfxbmzzlvkhdlcc:  9276rzshsrvncjrdzfxbmzzlvkhdlcc: a: 9, b: 6, ans = 55474
sevenfivexgznfftgthree44:  75xgznfftg344: a: 7, b: 4, ans = 55548
fivekltdkmm3rdmdnm32nineddsfdzpks:  5kltdkmm3rdmdnm329ddsfdzpks: a: 5, b: 9, ans = 55607
the computed answer is 55607
