g++ -std=c++20 -Wall -Werror -g -O3 main.cpp -o main
./main input.txt 2
ans: 9008617710676414316
ans: -6560161787917344738
ans: -6560161787917344737
ans: -3494854736916455781
ans: 149345021212421417
ans: -43606203310626716
ans: -236557427833674850
ans: -333033040095198917
ans: 1730255869623049849
ans: 2417355371760920212
ans: 3439005616731540304
ans: 8016598738756499808
ans: 3793544779341298614
ans: -5852552212928092305
ans: 4460655861702160395
ans: 389229324450304113
ans: -3682197212801552187
ans: -3682197212801552177
ans: -3682197212801552173
ans: -3682197212801552170
ans: -3682197212801552169
ans: -3682197212801552168
ans: 7167519104275638232
ans: 3369005225959457624
ans: -7753623750053408488
ans: 3472625953706889045
ans: -100127091835124738
ans: 915946894947272972
ans: 1932020881729670681
ans: -5257071740454733036
ans: -3672880137377138522
ans: -3672880137377138521
ans: -8412357015509287096
ans: 6000579711070414862
ans: 5294910180068115944
ans: -5592530764850435232
ans: -501645057892309103
ans: -465576855134867755
ans: 4589240649065817025
ans: -2106722635688616393
ans: -8802685920443049812
ans: 2948094868512068383
ans: 2948094868512068384
ans: 2948094868512068388
ans: 2948094868512068389
ans: 2948094868512068391
ans: 2948094868512068392
ans: -8590185982845031364
ans: 7423957813181813657
ans: 2343038133456353317
ans: 4991357535499107061
ans: -313465179381549918
ans: 7192705239042818332
ans: -5841773743511733032
ans: -4445836858665487707
ans: -3747868416242365044
ans: -3747868416242365040
ans: -3747868416242365039
ans: -3747868416242365037
ans: -3747868416242365036
ans: -3747868416242365035
ans: -3747868416242365034
ans: -2088688534299544009
ans: -1681722760492579505
ans: 142524801723992849
ans: -2737881546269107024
ans: 7639676937541860804
ans: -5618287894262206898
ans: -8290682616744281183
ans: -5670291295281761782
ans: -3049899973819242383
ans: -3049899973819242382
ans: 7483666734483196147
ans: 3104454873898790574
ans: 3104454873898790575
ans: -2262958639703440463
ans: -1274756986685615008
ans: -1274756986685615006
ans: -1274756986685615005
ans: -1274756986685615002
ans: -1274756986685615001
ans: -1274756986685615000
ans: 8371239217333606816
ans: -5252506754366333892
ans: -286555333667789554
ans: 4679396087030754783
ans: 4679396087030754784
ans: -7098428319517759908
ans: 1273459594105769606
ans: -8801396565980252497
ans: 3617834056595119528
ans: -7630372153305671502
ans: 7485164090344083355
ans: 3526664900423586221
ans: 4153956260284286595
ans: -6163007724742349909
ans: 1966772363940565202
ans: 1966772363940565203
ans: 1966772363940565206
ans: 1966772363940565207
ans: 1966772363940565208
ans: -8454740181062854696
ans: 4781247620144986968
ans: 2175869483894131992
ans: -8350191621086071304
ans: -4389850136721397144
ans: -2409679394539060064
ans: 7803778013406884284
ans: -5536237356329695158
ans: -2989539757086785419
ans: -1709524468580343998
ans: -1069516560468533491
ans: -802846611182660515
ans: -616177664762367186
ans: -536176661896787540
ans: -482842657126755262
ans: -456175659031207895
ans: -442842157843875681
ans: -436175406175254453
ans: -436175406175254452
ans: -434004847836082683
ans: -431834289496910920
ans: -431834289496910918
ans: -431834289496910917
ans: -431834289496910915
ans: -431834289496910914
ans: -430710240627070992
ans: -430109446491896988
ans: -429818809958755332
ans: -429663731157739158
ans: -429586191757231071
ans: -429547685915566826
ans: -429528173425613677
ans: -429521842308376645
ans: -429515511191139614
ans: -429512081773931299
ans: -429510630923916941
ans: -429509674632995399
ans: -429509180073902584
ans: -429509180073902582
ans: -429509180073902581
ans: -429509180073902579
ans: -429509180073902578
ans: -429508916215312781
ans: -429508784327424732
ans: -429508718342073858
ans: -429508685514809770
ans: -429508668935766377
ans: -429508660935660529
ans: -429508656656543468
ans: -429508654506633226
ans: -429508653514383932
ans: -429508652935554682
ans: -429508652935554681
ans: -429508652687545683
ans: -429508652522134639
ans: -429508652439536692
ans: -429508652439536691
ans: -429508652439536686
ans: -429508652439536685
ans: -429508652439536684
ans: -429508652439536683
ans: -429508652439536682
ans: -429508652398129833
ans: -429508652398129832
ans: -429508652377426408
ans: -429508652367074696
ans: -429508652361898840
ans: -429508652359312136
ans: -429508652358017560
ans: -429508652357370272
ans: -429508652357046628
ans: -429508652356938746
ans: -429508652356830865
ans: -429508652356781822
ans: -429508652356752403
ans: -429508652356752402
ans: -429508652356742591
ans: -429508652356737687
ans: -429508652356732784
ans: -429508652356732782
ans: -429508652356732781
ans: -429508652356732780
ans: -429508652356727882
ans: -429508652356725433
ans: -429508652356725432
ans: -429508652356724208
ans: -429508652356723596
ans: -429508652356723290
ans: -429508652356723137
ans: -429508652356723075
ans: -429508652356723044
ans: -429508652356723014
ans: -429508652356722999
ans: -429508652356722992
ans: -429508652356722988
ans: -429508652356722986
ans: -429508652356722985
ans: -429508652356722984
answer is -429508652356722984
